[01-Dec-2022 07:23:57 UTC] PHP Warning:  imagettfbbox(): Could not find/open font in /Users/ryomaarimura/Local Sites/practicearimuraryomacom/app/public/wp-content/plugins/ogp-image-generator/includes/generate.php on line 22
[01-Dec-2022 07:23:57 UTC] PHP Stack trace:
[01-Dec-2022 07:23:57 UTC] PHP   1. {main}() /Users/ryomaarimura/Local Sites/practicearimuraryomacom/app/public/wp-content/plugins/ogp-image-generator/includes/generate.php:0
[01-Dec-2022 07:23:57 UTC] PHP   2. imagettfbbox() /Users/ryomaarimura/Local Sites/practicearimuraryomacom/app/public/wp-content/plugins/ogp-image-generator/includes/generate.php:22
[01-Dec-2022 07:23:57 UTC] PHP Notice:  Trying to access array offset on value of type bool in /Users/ryomaarimura/Local Sites/practicearimuraryomacom/app/public/wp-content/plugins/ogp-image-generator/includes/generate.php on line 23
[01-Dec-2022 07:23:57 UTC] PHP Stack trace:
[01-Dec-2022 07:23:57 UTC] PHP   1. {main}() /Users/ryomaarimura/Local Sites/practicearimuraryomacom/app/public/wp-content/plugins/ogp-image-generator/includes/generate.php:0
[01-Dec-2022 07:23:57 UTC] PHP Notice:  Trying to access array offset on value of type bool in /Users/ryomaarimura/Local Sites/practicearimuraryomacom/app/public/wp-content/plugins/ogp-image-generator/includes/generate.php on line 24
[01-Dec-2022 07:23:57 UTC] PHP Stack trace:
[01-Dec-2022 07:23:57 UTC] PHP   1. {main}() /Users/ryomaarimura/Local Sites/practicearimuraryomacom/app/public/wp-content/plugins/ogp-image-generator/includes/generate.php:0
[01-Dec-2022 07:23:57 UTC] PHP Notice:  Trying to access array offset on value of type bool in /Users/ryomaarimura/Local Sites/practicearimuraryomacom/app/public/wp-content/plugins/ogp-image-generator/includes/generate.php on line 26
[01-Dec-2022 07:23:57 UTC] PHP Stack trace:
[01-Dec-2022 07:23:57 UTC] PHP   1. {main}() /Users/ryomaarimura/Local Sites/practicearimuraryomacom/app/public/wp-content/plugins/ogp-image-generator/includes/generate.php:0
[01-Dec-2022 07:23:57 UTC] PHP Notice:  Trying to access array offset on value of type bool in /Users/ryomaarimura/Local Sites/practicearimuraryomacom/app/public/wp-content/plugins/ogp-image-generator/includes/generate.php on line 27
[01-Dec-2022 07:23:57 UTC] PHP Stack trace:
[01-Dec-2022 07:23:57 UTC] PHP   1. {main}() /Users/ryomaarimura/Local Sites/practicearimuraryomacom/app/public/wp-content/plugins/ogp-image-generator/includes/generate.php:0
[01-Dec-2022 07:23:57 UTC] PHP Warning:  imagefttext(): Could not find/open font in /Users/ryomaarimura/Local Sites/practicearimuraryomacom/app/public/wp-content/plugins/ogp-image-generator/includes/generate.php on line 33
[01-Dec-2022 07:23:57 UTC] PHP Stack trace:
[01-Dec-2022 07:23:57 UTC] PHP   1. {main}() /Users/ryomaarimura/Local Sites/practicearimuraryomacom/app/public/wp-content/plugins/ogp-image-generator/includes/generate.php:0
[01-Dec-2022 07:23:57 UTC] PHP   2. imagefttext() /Users/ryomaarimura/Local Sites/practicearimuraryomacom/app/public/wp-content/plugins/ogp-image-generator/includes/generate.php:33
[01-Dec-2022 07:23:58 UTC] PHP Warning:  imagettfbbox(): Could not find/open font in /Users/ryomaarimura/Local Sites/practicearimuraryomacom/app/public/wp-content/plugins/ogp-image-generator/includes/generate.php on line 22
[01-Dec-2022 07:23:58 UTC] PHP Stack trace:
[01-Dec-2022 07:23:58 UTC] PHP   1. {main}() /Users/ryomaarimura/Local Sites/practicearimuraryomacom/app/public/wp-content/plugins/ogp-image-generator/includes/generate.php:0
[01-Dec-2022 07:23:58 UTC] PHP   2. imagettfbbox() /Users/ryomaarimura/Local Sites/practicearimuraryomacom/app/public/wp-content/plugins/ogp-image-generator/includes/generate.php:22
[01-Dec-2022 07:23:58 UTC] PHP Notice:  Trying to access array offset on value of type bool in /Users/ryomaarimura/Local Sites/practicearimuraryomacom/app/public/wp-content/plugins/ogp-image-generator/includes/generate.php on line 23
[01-Dec-2022 07:23:58 UTC] PHP Stack trace:
[01-Dec-2022 07:23:58 UTC] PHP   1. {main}() /Users/ryomaarimura/Local Sites/practicearimuraryomacom/app/public/wp-content/plugins/ogp-image-generator/includes/generate.php:0
[01-Dec-2022 07:23:58 UTC] PHP Notice:  Trying to access array offset on value of type bool in /Users/ryomaarimura/Local Sites/practicearimuraryomacom/app/public/wp-content/plugins/ogp-image-generator/includes/generate.php on line 24
[01-Dec-2022 07:23:58 UTC] PHP Stack trace:
[01-Dec-2022 07:23:58 UTC] PHP   1. {main}() /Users/ryomaarimura/Local Sites/practicearimuraryomacom/app/public/wp-content/plugins/ogp-image-generator/includes/generate.php:0
[01-Dec-2022 07:23:58 UTC] PHP Notice:  Trying to access array offset on value of type bool in /Users/ryomaarimura/Local Sites/practicearimuraryomacom/app/public/wp-content/plugins/ogp-image-generator/includes/generate.php on line 26
[01-Dec-2022 07:23:58 UTC] PHP Stack trace:
[01-Dec-2022 07:23:58 UTC] PHP   1. {main}() /Users/ryomaarimura/Local Sites/practicearimuraryomacom/app/public/wp-content/plugins/ogp-image-generator/includes/generate.php:0
[01-Dec-2022 07:23:58 UTC] PHP Notice:  Trying to access array offset on value of type bool in /Users/ryomaarimura/Local Sites/practicearimuraryomacom/app/public/wp-content/plugins/ogp-image-generator/includes/generate.php on line 27
[01-Dec-2022 07:23:58 UTC] PHP Stack trace:
[01-Dec-2022 07:23:58 UTC] PHP   1. {main}() /Users/ryomaarimura/Local Sites/practicearimuraryomacom/app/public/wp-content/plugins/ogp-image-generator/includes/generate.php:0
[01-Dec-2022 07:23:58 UTC] PHP Warning:  imagefttext(): Could not find/open font in /Users/ryomaarimura/Local Sites/practicearimuraryomacom/app/public/wp-content/plugins/ogp-image-generator/includes/generate.php on line 33
[01-Dec-2022 07:23:58 UTC] PHP Stack trace:
[01-Dec-2022 07:23:58 UTC] PHP   1. {main}() /Users/ryomaarimura/Local Sites/practicearimuraryomacom/app/public/wp-content/plugins/ogp-image-generator/includes/generate.php:0
[01-Dec-2022 07:23:58 UTC] PHP   2. imagefttext() /Users/ryomaarimura/Local Sites/practicearimuraryomacom/app/public/wp-content/plugins/ogp-image-generator/includes/generate.php:33
[01-Dec-2022 07:26:39 UTC] PHP Notice:  Undefined index: post_id in /Users/ryomaarimura/Local Sites/practicearimuraryomacom/app/public/wp-content/plugins/ogp-image-generator/includes/generate.php on line 14
[01-Dec-2022 07:26:39 UTC] PHP Stack trace:
[01-Dec-2022 07:26:39 UTC] PHP   1. {main}() /Users/ryomaarimura/Local Sites/practicearimuraryomacom/app/public/wp-content/plugins/ogp-image-generator/includes/generate.php:0
[01-Dec-2022 07:26:39 UTC] PHP Notice:  Trying to get property 'post_name' of non-object in /Users/ryomaarimura/Local Sites/practicearimuraryomacom/app/public/wp-content/plugins/ogp-image-generator/includes/generate.php on line 16
[01-Dec-2022 07:26:39 UTC] PHP Stack trace:
[01-Dec-2022 07:26:39 UTC] PHP   1. {main}() /Users/ryomaarimura/Local Sites/practicearimuraryomacom/app/public/wp-content/plugins/ogp-image-generator/includes/generate.php:0
[01-Dec-2022 07:26:39 UTC] PHP Warning:  imagettfbbox(): Could not find/open font in /Users/ryomaarimura/Local Sites/practicearimuraryomacom/app/public/wp-content/plugins/ogp-image-generator/includes/generate.php on line 21
[01-Dec-2022 07:26:39 UTC] PHP Stack trace:
[01-Dec-2022 07:26:39 UTC] PHP   1. {main}() /Users/ryomaarimura/Local Sites/practicearimuraryomacom/app/public/wp-content/plugins/ogp-image-generator/includes/generate.php:0
[01-Dec-2022 07:26:39 UTC] PHP   2. imagettfbbox() /Users/ryomaarimura/Local Sites/practicearimuraryomacom/app/public/wp-content/plugins/ogp-image-generator/includes/generate.php:21
[01-Dec-2022 07:26:39 UTC] PHP Notice:  Trying to access array offset on value of type bool in /Users/ryomaarimura/Local Sites/practicearimuraryomacom/app/public/wp-content/plugins/ogp-image-generator/includes/generate.php on line 22
[01-Dec-2022 07:26:39 UTC] PHP Stack trace:
[01-Dec-2022 07:26:39 UTC] PHP   1. {main}() /Users/ryomaarimura/Local Sites/practicearimuraryomacom/app/public/wp-content/plugins/ogp-image-generator/includes/generate.php:0
[01-Dec-2022 07:26:39 UTC] PHP Notice:  Trying to access array offset on value of type bool in /Users/ryomaarimura/Local Sites/practicearimuraryomacom/app/public/wp-content/plugins/ogp-image-generator/includes/generate.php on line 23
[01-Dec-2022 07:26:39 UTC] PHP Stack trace:
[01-Dec-2022 07:26:39 UTC] PHP   1. {main}() /Users/ryomaarimura/Local Sites/practicearimuraryomacom/app/public/wp-content/plugins/ogp-image-generator/includes/generate.php:0
[01-Dec-2022 07:26:39 UTC] PHP Notice:  Trying to access array offset on value of type bool in /Users/ryomaarimura/Local Sites/practicearimuraryomacom/app/public/wp-content/plugins/ogp-image-generator/includes/generate.php on line 25
[01-Dec-2022 07:26:39 UTC] PHP Stack trace:
[01-Dec-2022 07:26:39 UTC] PHP   1. {main}() /Users/ryomaarimura/Local Sites/practicearimuraryomacom/app/public/wp-content/plugins/ogp-image-generator/includes/generate.php:0
[01-Dec-2022 07:26:39 UTC] PHP Notice:  Trying to access array offset on value of type bool in /Users/ryomaarimura/Local Sites/practicearimuraryomacom/app/public/wp-content/plugins/ogp-image-generator/includes/generate.php on line 26
[01-Dec-2022 07:26:39 UTC] PHP Stack trace:
[01-Dec-2022 07:26:39 UTC] PHP   1. {main}() /Users/ryomaarimura/Local Sites/practicearimuraryomacom/app/public/wp-content/plugins/ogp-image-generator/includes/generate.php:0
[01-Dec-2022 07:26:39 UTC] PHP Warning:  imagefttext(): Could not find/open font in /Users/ryomaarimura/Local Sites/practicearimuraryomacom/app/public/wp-content/plugins/ogp-image-generator/includes/generate.php on line 32
[01-Dec-2022 07:26:39 UTC] PHP Stack trace:
[01-Dec-2022 07:26:39 UTC] PHP   1. {main}() /Users/ryomaarimura/Local Sites/practicearimuraryomacom/app/public/wp-content/plugins/ogp-image-generator/includes/generate.php:0
[01-Dec-2022 07:26:39 UTC] PHP   2. imagefttext() /Users/ryomaarimura/Local Sites/practicearimuraryomacom/app/public/wp-content/plugins/ogp-image-generator/includes/generate.php:32
[01-Dec-2022 07:26:39 UTC] PHP Notice:  Undefined index: post_id in /Users/ryomaarimura/Local Sites/practicearimuraryomacom/app/public/wp-content/plugins/ogp-image-generator/includes/generate.php on line 14
[01-Dec-2022 07:26:39 UTC] PHP Stack trace:
[01-Dec-2022 07:26:39 UTC] PHP   1. {main}() /Users/ryomaarimura/Local Sites/practicearimuraryomacom/app/public/wp-content/plugins/ogp-image-generator/includes/generate.php:0
[01-Dec-2022 07:26:39 UTC] PHP Notice:  Trying to get property 'post_name' of non-object in /Users/ryomaarimura/Local Sites/practicearimuraryomacom/app/public/wp-content/plugins/ogp-image-generator/includes/generate.php on line 16
[01-Dec-2022 07:26:39 UTC] PHP Stack trace:
[01-Dec-2022 07:26:39 UTC] PHP   1. {main}() /Users/ryomaarimura/Local Sites/practicearimuraryomacom/app/public/wp-content/plugins/ogp-image-generator/includes/generate.php:0
[01-Dec-2022 07:26:39 UTC] PHP Warning:  imagettfbbox(): Could not find/open font in /Users/ryomaarimura/Local Sites/practicearimuraryomacom/app/public/wp-content/plugins/ogp-image-generator/includes/generate.php on line 21
[01-Dec-2022 07:26:39 UTC] PHP Stack trace:
[01-Dec-2022 07:26:39 UTC] PHP   1. {main}() /Users/ryomaarimura/Local Sites/practicearimuraryomacom/app/public/wp-content/plugins/ogp-image-generator/includes/generate.php:0
[01-Dec-2022 07:26:39 UTC] PHP   2. imagettfbbox() /Users/ryomaarimura/Local Sites/practicearimuraryomacom/app/public/wp-content/plugins/ogp-image-generator/includes/generate.php:21
[01-Dec-2022 07:26:39 UTC] PHP Notice:  Trying to access array offset on value of type bool in /Users/ryomaarimura/Local Sites/practicearimuraryomacom/app/public/wp-content/plugins/ogp-image-generator/includes/generate.php on line 22
[01-Dec-2022 07:26:39 UTC] PHP Stack trace:
[01-Dec-2022 07:26:39 UTC] PHP   1. {main}() /Users/ryomaarimura/Local Sites/practicearimuraryomacom/app/public/wp-content/plugins/ogp-image-generator/includes/generate.php:0
[01-Dec-2022 07:26:39 UTC] PHP Notice:  Trying to access array offset on value of type bool in /Users/ryomaarimura/Local Sites/practicearimuraryomacom/app/public/wp-content/plugins/ogp-image-generator/includes/generate.php on line 23
[01-Dec-2022 07:26:39 UTC] PHP Stack trace:
[01-Dec-2022 07:26:39 UTC] PHP   1. {main}() /Users/ryomaarimura/Local Sites/practicearimuraryomacom/app/public/wp-content/plugins/ogp-image-generator/includes/generate.php:0
[01-Dec-2022 07:26:39 UTC] PHP Notice:  Trying to access array offset on value of type bool in /Users/ryomaarimura/Local Sites/practicearimuraryomacom/app/public/wp-content/plugins/ogp-image-generator/includes/generate.php on line 25
[01-Dec-2022 07:26:39 UTC] PHP Stack trace:
[01-Dec-2022 07:26:39 UTC] PHP   1. {main}() /Users/ryomaarimura/Local Sites/practicearimuraryomacom/app/public/wp-content/plugins/ogp-image-generator/includes/generate.php:0
[01-Dec-2022 07:26:39 UTC] PHP Notice:  Trying to access array offset on value of type bool in /Users/ryomaarimura/Local Sites/practicearimuraryomacom/app/public/wp-content/plugins/ogp-image-generator/includes/generate.php on line 26
[01-Dec-2022 07:26:39 UTC] PHP Stack trace:
[01-Dec-2022 07:26:39 UTC] PHP   1. {main}() /Users/ryomaarimura/Local Sites/practicearimuraryomacom/app/public/wp-content/plugins/ogp-image-generator/includes/generate.php:0
[01-Dec-2022 07:26:39 UTC] PHP Warning:  imagefttext(): Could not find/open font in /Users/ryomaarimura/Local Sites/practicearimuraryomacom/app/public/wp-content/plugins/ogp-image-generator/includes/generate.php on line 32
[01-Dec-2022 07:26:39 UTC] PHP Stack trace:
[01-Dec-2022 07:26:39 UTC] PHP   1. {main}() /Users/ryomaarimura/Local Sites/practicearimuraryomacom/app/public/wp-content/plugins/ogp-image-generator/includes/generate.php:0
[01-Dec-2022 07:26:39 UTC] PHP   2. imagefttext() /Users/ryomaarimura/Local Sites/practicearimuraryomacom/app/public/wp-content/plugins/ogp-image-generator/includes/generate.php:32
[01-Dec-2022 07:27:38 UTC] PHP Warning:  imagettfbbox(): Could not find/open font in /Users/ryomaarimura/Local Sites/practicearimuraryomacom/app/public/wp-content/plugins/ogp-image-generator/includes/generate.php on line 21
[01-Dec-2022 07:27:38 UTC] PHP Stack trace:
[01-Dec-2022 07:27:38 UTC] PHP   1. {main}() /Users/ryomaarimura/Local Sites/practicearimuraryomacom/app/public/wp-content/plugins/ogp-image-generator/includes/generate.php:0
[01-Dec-2022 07:27:38 UTC] PHP   2. imagettfbbox() /Users/ryomaarimura/Local Sites/practicearimuraryomacom/app/public/wp-content/plugins/ogp-image-generator/includes/generate.php:21
[01-Dec-2022 07:27:38 UTC] PHP Notice:  Trying to access array offset on value of type bool in /Users/ryomaarimura/Local Sites/practicearimuraryomacom/app/public/wp-content/plugins/ogp-image-generator/includes/generate.php on line 22
[01-Dec-2022 07:27:38 UTC] PHP Stack trace:
[01-Dec-2022 07:27:38 UTC] PHP   1. {main}() /Users/ryomaarimura/Local Sites/practicearimuraryomacom/app/public/wp-content/plugins/ogp-image-generator/includes/generate.php:0
[01-Dec-2022 07:27:38 UTC] PHP Notice:  Trying to access array offset on value of type bool in /Users/ryomaarimura/Local Sites/practicearimuraryomacom/app/public/wp-content/plugins/ogp-image-generator/includes/generate.php on line 23
[01-Dec-2022 07:27:38 UTC] PHP Stack trace:
[01-Dec-2022 07:27:38 UTC] PHP   1. {main}() /Users/ryomaarimura/Local Sites/practicearimuraryomacom/app/public/wp-content/plugins/ogp-image-generator/includes/generate.php:0
[01-Dec-2022 07:27:38 UTC] PHP Notice:  Trying to access array offset on value of type bool in /Users/ryomaarimura/Local Sites/practicearimuraryomacom/app/public/wp-content/plugins/ogp-image-generator/includes/generate.php on line 25
[01-Dec-2022 07:27:38 UTC] PHP Stack trace:
[01-Dec-2022 07:27:38 UTC] PHP   1. {main}() /Users/ryomaarimura/Local Sites/practicearimuraryomacom/app/public/wp-content/plugins/ogp-image-generator/includes/generate.php:0
[01-Dec-2022 07:27:38 UTC] PHP Notice:  Trying to access array offset on value of type bool in /Users/ryomaarimura/Local Sites/practicearimuraryomacom/app/public/wp-content/plugins/ogp-image-generator/includes/generate.php on line 26
[01-Dec-2022 07:27:38 UTC] PHP Stack trace:
[01-Dec-2022 07:27:38 UTC] PHP   1. {main}() /Users/ryomaarimura/Local Sites/practicearimuraryomacom/app/public/wp-content/plugins/ogp-image-generator/includes/generate.php:0
[01-Dec-2022 07:27:38 UTC] PHP Warning:  imagefttext(): Could not find/open font in /Users/ryomaarimura/Local Sites/practicearimuraryomacom/app/public/wp-content/plugins/ogp-image-generator/includes/generate.php on line 32
[01-Dec-2022 07:27:38 UTC] PHP Stack trace:
[01-Dec-2022 07:27:38 UTC] PHP   1. {main}() /Users/ryomaarimura/Local Sites/practicearimuraryomacom/app/public/wp-content/plugins/ogp-image-generator/includes/generate.php:0
[01-Dec-2022 07:27:38 UTC] PHP   2. imagefttext() /Users/ryomaarimura/Local Sites/practicearimuraryomacom/app/public/wp-content/plugins/ogp-image-generator/includes/generate.php:32
[01-Dec-2022 07:28:41 UTC] PHP Warning:  imagettfbbox(): Could not find/open font in /Users/ryomaarimura/Local Sites/practicearimuraryomacom/app/public/wp-content/plugins/ogp-image-generator/includes/generate.php on line 21
[01-Dec-2022 07:28:41 UTC] PHP Stack trace:
[01-Dec-2022 07:28:41 UTC] PHP   1. {main}() /Users/ryomaarimura/Local Sites/practicearimuraryomacom/app/public/wp-content/plugins/ogp-image-generator/includes/generate.php:0
[01-Dec-2022 07:28:41 UTC] PHP   2. imagettfbbox() /Users/ryomaarimura/Local Sites/practicearimuraryomacom/app/public/wp-content/plugins/ogp-image-generator/includes/generate.php:21
[01-Dec-2022 07:28:41 UTC] PHP Notice:  Trying to access array offset on value of type bool in /Users/ryomaarimura/Local Sites/practicearimuraryomacom/app/public/wp-content/plugins/ogp-image-generator/includes/generate.php on line 22
[01-Dec-2022 07:28:41 UTC] PHP Stack trace:
[01-Dec-2022 07:28:41 UTC] PHP   1. {main}() /Users/ryomaarimura/Local Sites/practicearimuraryomacom/app/public/wp-content/plugins/ogp-image-generator/includes/generate.php:0
[01-Dec-2022 07:28:41 UTC] PHP Notice:  Trying to access array offset on value of type bool in /Users/ryomaarimura/Local Sites/practicearimuraryomacom/app/public/wp-content/plugins/ogp-image-generator/includes/generate.php on line 23
[01-Dec-2022 07:28:41 UTC] PHP Stack trace:
[01-Dec-2022 07:28:41 UTC] PHP   1. {main}() /Users/ryomaarimura/Local Sites/practicearimuraryomacom/app/public/wp-content/plugins/ogp-image-generator/includes/generate.php:0
[01-Dec-2022 07:28:41 UTC] PHP Notice:  Trying to access array offset on value of type bool in /Users/ryomaarimura/Local Sites/practicearimuraryomacom/app/public/wp-content/plugins/ogp-image-generator/includes/generate.php on line 25
[01-Dec-2022 07:28:41 UTC] PHP Stack trace:
[01-Dec-2022 07:28:41 UTC] PHP   1. {main}() /Users/ryomaarimura/Local Sites/practicearimuraryomacom/app/public/wp-content/plugins/ogp-image-generator/includes/generate.php:0
[01-Dec-2022 07:28:41 UTC] PHP Notice:  Trying to access array offset on value of type bool in /Users/ryomaarimura/Local Sites/practicearimuraryomacom/app/public/wp-content/plugins/ogp-image-generator/includes/generate.php on line 26
[01-Dec-2022 07:28:41 UTC] PHP Stack trace:
[01-Dec-2022 07:28:41 UTC] PHP   1. {main}() /Users/ryomaarimura/Local Sites/practicearimuraryomacom/app/public/wp-content/plugins/ogp-image-generator/includes/generate.php:0
[01-Dec-2022 07:28:41 UTC] PHP Warning:  imagefttext(): Could not find/open font in /Users/ryomaarimura/Local Sites/practicearimuraryomacom/app/public/wp-content/plugins/ogp-image-generator/includes/generate.php on line 32
[01-Dec-2022 07:28:41 UTC] PHP Stack trace:
[01-Dec-2022 07:28:41 UTC] PHP   1. {main}() /Users/ryomaarimura/Local Sites/practicearimuraryomacom/app/public/wp-content/plugins/ogp-image-generator/includes/generate.php:0
[01-Dec-2022 07:28:41 UTC] PHP   2. imagefttext() /Users/ryomaarimura/Local Sites/practicearimuraryomacom/app/public/wp-content/plugins/ogp-image-generator/includes/generate.php:32
[01-Dec-2022 07:29:51 UTC] PHP Warning:  imagettfbbox(): Could not find/open font in /Users/ryomaarimura/Local Sites/practicearimuraryomacom/app/public/wp-content/plugins/ogp-image-generator/includes/generate.php on line 21
[01-Dec-2022 07:29:51 UTC] PHP Stack trace:
[01-Dec-2022 07:29:51 UTC] PHP   1. {main}() /Users/ryomaarimura/Local Sites/practicearimuraryomacom/app/public/wp-content/plugins/ogp-image-generator/includes/generate.php:0
[01-Dec-2022 07:29:51 UTC] PHP   2. imagettfbbox() /Users/ryomaarimura/Local Sites/practicearimuraryomacom/app/public/wp-content/plugins/ogp-image-generator/includes/generate.php:21
[01-Dec-2022 07:29:51 UTC] PHP Notice:  Trying to access array offset on value of type bool in /Users/ryomaarimura/Local Sites/practicearimuraryomacom/app/public/wp-content/plugins/ogp-image-generator/includes/generate.php on line 22
[01-Dec-2022 07:29:51 UTC] PHP Stack trace:
[01-Dec-2022 07:29:51 UTC] PHP   1. {main}() /Users/ryomaarimura/Local Sites/practicearimuraryomacom/app/public/wp-content/plugins/ogp-image-generator/includes/generate.php:0
[01-Dec-2022 07:29:51 UTC] PHP Notice:  Trying to access array offset on value of type bool in /Users/ryomaarimura/Local Sites/practicearimuraryomacom/app/public/wp-content/plugins/ogp-image-generator/includes/generate.php on line 23
[01-Dec-2022 07:29:51 UTC] PHP Stack trace:
[01-Dec-2022 07:29:51 UTC] PHP   1. {main}() /Users/ryomaarimura/Local Sites/practicearimuraryomacom/app/public/wp-content/plugins/ogp-image-generator/includes/generate.php:0
[01-Dec-2022 07:29:51 UTC] PHP Notice:  Trying to access array offset on value of type bool in /Users/ryomaarimura/Local Sites/practicearimuraryomacom/app/public/wp-content/plugins/ogp-image-generator/includes/generate.php on line 25
[01-Dec-2022 07:29:51 UTC] PHP Stack trace:
[01-Dec-2022 07:29:51 UTC] PHP   1. {main}() /Users/ryomaarimura/Local Sites/practicearimuraryomacom/app/public/wp-content/plugins/ogp-image-generator/includes/generate.php:0
[01-Dec-2022 07:29:51 UTC] PHP Notice:  Trying to access array offset on value of type bool in /Users/ryomaarimura/Local Sites/practicearimuraryomacom/app/public/wp-content/plugins/ogp-image-generator/includes/generate.php on line 26
[01-Dec-2022 07:29:51 UTC] PHP Stack trace:
[01-Dec-2022 07:29:51 UTC] PHP   1. {main}() /Users/ryomaarimura/Local Sites/practicearimuraryomacom/app/public/wp-content/plugins/ogp-image-generator/includes/generate.php:0
[01-Dec-2022 07:29:51 UTC] PHP Warning:  imagefttext(): Could not find/open font in /Users/ryomaarimura/Local Sites/practicearimuraryomacom/app/public/wp-content/plugins/ogp-image-generator/includes/generate.php on line 32
[01-Dec-2022 07:29:51 UTC] PHP Stack trace:
[01-Dec-2022 07:29:51 UTC] PHP   1. {main}() /Users/ryomaarimura/Local Sites/practicearimuraryomacom/app/public/wp-content/plugins/ogp-image-generator/includes/generate.php:0
[01-Dec-2022 07:29:51 UTC] PHP   2. imagefttext() /Users/ryomaarimura/Local Sites/practicearimuraryomacom/app/public/wp-content/plugins/ogp-image-generator/includes/generate.php:32
[01-Dec-2022 07:29:52 UTC] PHP Warning:  imagettfbbox(): Could not find/open font in /Users/ryomaarimura/Local Sites/practicearimuraryomacom/app/public/wp-content/plugins/ogp-image-generator/includes/generate.php on line 21
[01-Dec-2022 07:29:52 UTC] PHP Stack trace:
[01-Dec-2022 07:29:52 UTC] PHP   1. {main}() /Users/ryomaarimura/Local Sites/practicearimuraryomacom/app/public/wp-content/plugins/ogp-image-generator/includes/generate.php:0
[01-Dec-2022 07:29:52 UTC] PHP   2. imagettfbbox() /Users/ryomaarimura/Local Sites/practicearimuraryomacom/app/public/wp-content/plugins/ogp-image-generator/includes/generate.php:21
[01-Dec-2022 07:29:52 UTC] PHP Notice:  Trying to access array offset on value of type bool in /Users/ryomaarimura/Local Sites/practicearimuraryomacom/app/public/wp-content/plugins/ogp-image-generator/includes/generate.php on line 22
[01-Dec-2022 07:29:52 UTC] PHP Stack trace:
[01-Dec-2022 07:29:52 UTC] PHP   1. {main}() /Users/ryomaarimura/Local Sites/practicearimuraryomacom/app/public/wp-content/plugins/ogp-image-generator/includes/generate.php:0
[01-Dec-2022 07:29:52 UTC] PHP Notice:  Trying to access array offset on value of type bool in /Users/ryomaarimura/Local Sites/practicearimuraryomacom/app/public/wp-content/plugins/ogp-image-generator/includes/generate.php on line 23
[01-Dec-2022 07:29:52 UTC] PHP Stack trace:
[01-Dec-2022 07:29:52 UTC] PHP   1. {main}() /Users/ryomaarimura/Local Sites/practicearimuraryomacom/app/public/wp-content/plugins/ogp-image-generator/includes/generate.php:0
[01-Dec-2022 07:29:52 UTC] PHP Notice:  Trying to access array offset on value of type bool in /Users/ryomaarimura/Local Sites/practicearimuraryomacom/app/public/wp-content/plugins/ogp-image-generator/includes/generate.php on line 25
[01-Dec-2022 07:29:52 UTC] PHP Stack trace:
[01-Dec-2022 07:29:52 UTC] PHP   1. {main}() /Users/ryomaarimura/Local Sites/practicearimuraryomacom/app/public/wp-content/plugins/ogp-image-generator/includes/generate.php:0
[01-Dec-2022 07:29:52 UTC] PHP Notice:  Trying to access array offset on value of type bool in /Users/ryomaarimura/Local Sites/practicearimuraryomacom/app/public/wp-content/plugins/ogp-image-generator/includes/generate.php on line 26
[01-Dec-2022 07:29:52 UTC] PHP Stack trace:
[01-Dec-2022 07:29:52 UTC] PHP   1. {main}() /Users/ryomaarimura/Local Sites/practicearimuraryomacom/app/public/wp-content/plugins/ogp-image-generator/includes/generate.php:0
[01-Dec-2022 07:29:52 UTC] PHP Warning:  imagefttext(): Could not find/open font in /Users/ryomaarimura/Local Sites/practicearimuraryomacom/app/public/wp-content/plugins/ogp-image-generator/includes/generate.php on line 32
[01-Dec-2022 07:29:52 UTC] PHP Stack trace:
[01-Dec-2022 07:29:52 UTC] PHP   1. {main}() /Users/ryomaarimura/Local Sites/practicearimuraryomacom/app/public/wp-content/plugins/ogp-image-generator/includes/generate.php:0
[01-Dec-2022 07:29:52 UTC] PHP   2. imagefttext() /Users/ryomaarimura/Local Sites/practicearimuraryomacom/app/public/wp-content/plugins/ogp-image-generator/includes/generate.php:32
[01-Dec-2022 07:31:08 UTC] PHP Warning:  imagettfbbox(): Could not find/open font in /Users/ryomaarimura/Local Sites/practicearimuraryomacom/app/public/wp-content/plugins/ogp-image-generator/includes/generate.php on line 21
[01-Dec-2022 07:31:08 UTC] PHP Stack trace:
[01-Dec-2022 07:31:08 UTC] PHP   1. {main}() /Users/ryomaarimura/Local Sites/practicearimuraryomacom/app/public/wp-content/plugins/ogp-image-generator/includes/generate.php:0
[01-Dec-2022 07:31:08 UTC] PHP   2. imagettfbbox() /Users/ryomaarimura/Local Sites/practicearimuraryomacom/app/public/wp-content/plugins/ogp-image-generator/includes/generate.php:21
[01-Dec-2022 07:31:08 UTC] PHP Notice:  Trying to access array offset on value of type bool in /Users/ryomaarimura/Local Sites/practicearimuraryomacom/app/public/wp-content/plugins/ogp-image-generator/includes/generate.php on line 22
[01-Dec-2022 07:31:08 UTC] PHP Stack trace:
[01-Dec-2022 07:31:08 UTC] PHP   1. {main}() /Users/ryomaarimura/Local Sites/practicearimuraryomacom/app/public/wp-content/plugins/ogp-image-generator/includes/generate.php:0
[01-Dec-2022 07:31:08 UTC] PHP Notice:  Trying to access array offset on value of type bool in /Users/ryomaarimura/Local Sites/practicearimuraryomacom/app/public/wp-content/plugins/ogp-image-generator/includes/generate.php on line 23
[01-Dec-2022 07:31:08 UTC] PHP Stack trace:
[01-Dec-2022 07:31:08 UTC] PHP   1. {main}() /Users/ryomaarimura/Local Sites/practicearimuraryomacom/app/public/wp-content/plugins/ogp-image-generator/includes/generate.php:0
[01-Dec-2022 07:31:08 UTC] PHP Notice:  Trying to access array offset on value of type bool in /Users/ryomaarimura/Local Sites/practicearimuraryomacom/app/public/wp-content/plugins/ogp-image-generator/includes/generate.php on line 25
[01-Dec-2022 07:31:08 UTC] PHP Stack trace:
[01-Dec-2022 07:31:08 UTC] PHP   1. {main}() /Users/ryomaarimura/Local Sites/practicearimuraryomacom/app/public/wp-content/plugins/ogp-image-generator/includes/generate.php:0
[01-Dec-2022 07:31:08 UTC] PHP Notice:  Trying to access array offset on value of type bool in /Users/ryomaarimura/Local Sites/practicearimuraryomacom/app/public/wp-content/plugins/ogp-image-generator/includes/generate.php on line 26
[01-Dec-2022 07:31:08 UTC] PHP Stack trace:
[01-Dec-2022 07:31:08 UTC] PHP   1. {main}() /Users/ryomaarimura/Local Sites/practicearimuraryomacom/app/public/wp-content/plugins/ogp-image-generator/includes/generate.php:0
[01-Dec-2022 07:31:08 UTC] PHP Warning:  imagefttext(): Could not find/open font in /Users/ryomaarimura/Local Sites/practicearimuraryomacom/app/public/wp-content/plugins/ogp-image-generator/includes/generate.php on line 32
[01-Dec-2022 07:31:08 UTC] PHP Stack trace:
[01-Dec-2022 07:31:08 UTC] PHP   1. {main}() /Users/ryomaarimura/Local Sites/practicearimuraryomacom/app/public/wp-content/plugins/ogp-image-generator/includes/generate.php:0
[01-Dec-2022 07:31:08 UTC] PHP   2. imagefttext() /Users/ryomaarimura/Local Sites/practicearimuraryomacom/app/public/wp-content/plugins/ogp-image-generator/includes/generate.php:32
[01-Dec-2022 07:31:09 UTC] PHP Warning:  imagettfbbox(): Could not find/open font in /Users/ryomaarimura/Local Sites/practicearimuraryomacom/app/public/wp-content/plugins/ogp-image-generator/includes/generate.php on line 21
[01-Dec-2022 07:31:09 UTC] PHP Stack trace:
[01-Dec-2022 07:31:09 UTC] PHP   1. {main}() /Users/ryomaarimura/Local Sites/practicearimuraryomacom/app/public/wp-content/plugins/ogp-image-generator/includes/generate.php:0
[01-Dec-2022 07:31:09 UTC] PHP   2. imagettfbbox() /Users/ryomaarimura/Local Sites/practicearimuraryomacom/app/public/wp-content/plugins/ogp-image-generator/includes/generate.php:21
[01-Dec-2022 07:31:09 UTC] PHP Notice:  Trying to access array offset on value of type bool in /Users/ryomaarimura/Local Sites/practicearimuraryomacom/app/public/wp-content/plugins/ogp-image-generator/includes/generate.php on line 22
[01-Dec-2022 07:31:09 UTC] PHP Stack trace:
[01-Dec-2022 07:31:09 UTC] PHP   1. {main}() /Users/ryomaarimura/Local Sites/practicearimuraryomacom/app/public/wp-content/plugins/ogp-image-generator/includes/generate.php:0
[01-Dec-2022 07:31:09 UTC] PHP Notice:  Trying to access array offset on value of type bool in /Users/ryomaarimura/Local Sites/practicearimuraryomacom/app/public/wp-content/plugins/ogp-image-generator/includes/generate.php on line 23
[01-Dec-2022 07:31:09 UTC] PHP Stack trace:
[01-Dec-2022 07:31:09 UTC] PHP   1. {main}() /Users/ryomaarimura/Local Sites/practicearimuraryomacom/app/public/wp-content/plugins/ogp-image-generator/includes/generate.php:0
[01-Dec-2022 07:31:09 UTC] PHP Notice:  Trying to access array offset on value of type bool in /Users/ryomaarimura/Local Sites/practicearimuraryomacom/app/public/wp-content/plugins/ogp-image-generator/includes/generate.php on line 25
[01-Dec-2022 07:31:09 UTC] PHP Stack trace:
[01-Dec-2022 07:31:09 UTC] PHP   1. {main}() /Users/ryomaarimura/Local Sites/practicearimuraryomacom/app/public/wp-content/plugins/ogp-image-generator/includes/generate.php:0
[01-Dec-2022 07:31:09 UTC] PHP Notice:  Trying to access array offset on value of type bool in /Users/ryomaarimura/Local Sites/practicearimuraryomacom/app/public/wp-content/plugins/ogp-image-generator/includes/generate.php on line 26
[01-Dec-2022 07:31:09 UTC] PHP Stack trace:
[01-Dec-2022 07:31:09 UTC] PHP   1. {main}() /Users/ryomaarimura/Local Sites/practicearimuraryomacom/app/public/wp-content/plugins/ogp-image-generator/includes/generate.php:0
[01-Dec-2022 07:31:09 UTC] PHP Warning:  imagefttext(): Could not find/open font in /Users/ryomaarimura/Local Sites/practicearimuraryomacom/app/public/wp-content/plugins/ogp-image-generator/includes/generate.php on line 32
[01-Dec-2022 07:31:09 UTC] PHP Stack trace:
[01-Dec-2022 07:31:09 UTC] PHP   1. {main}() /Users/ryomaarimura/Local Sites/practicearimuraryomacom/app/public/wp-content/plugins/ogp-image-generator/includes/generate.php:0
[01-Dec-2022 07:31:09 UTC] PHP   2. imagefttext() /Users/ryomaarimura/Local Sites/practicearimuraryomacom/app/public/wp-content/plugins/ogp-image-generator/includes/generate.php:32
[01-Dec-2022 07:35:39 UTC] PHP Warning:  imagettfbbox(): Could not find/open font in /Users/ryomaarimura/Local Sites/practicearimuraryomacom/app/public/wp-content/plugins/ogp-image-generator/includes/generate.php on line 22
[01-Dec-2022 07:35:39 UTC] PHP Stack trace:
[01-Dec-2022 07:35:39 UTC] PHP   1. {main}() /Users/ryomaarimura/Local Sites/practicearimuraryomacom/app/public/wp-content/plugins/ogp-image-generator/includes/generate.php:0
[01-Dec-2022 07:35:39 UTC] PHP   2. imagettfbbox() /Users/ryomaarimura/Local Sites/practicearimuraryomacom/app/public/wp-content/plugins/ogp-image-generator/includes/generate.php:22
[01-Dec-2022 07:35:39 UTC] PHP Notice:  Trying to access array offset on value of type bool in /Users/ryomaarimura/Local Sites/practicearimuraryomacom/app/public/wp-content/plugins/ogp-image-generator/includes/generate.php on line 23
[01-Dec-2022 07:35:39 UTC] PHP Stack trace:
[01-Dec-2022 07:35:39 UTC] PHP   1. {main}() /Users/ryomaarimura/Local Sites/practicearimuraryomacom/app/public/wp-content/plugins/ogp-image-generator/includes/generate.php:0
[01-Dec-2022 07:35:39 UTC] PHP Notice:  Trying to access array offset on value of type bool in /Users/ryomaarimura/Local Sites/practicearimuraryomacom/app/public/wp-content/plugins/ogp-image-generator/includes/generate.php on line 24
[01-Dec-2022 07:35:39 UTC] PHP Stack trace:
[01-Dec-2022 07:35:39 UTC] PHP   1. {main}() /Users/ryomaarimura/Local Sites/practicearimuraryomacom/app/public/wp-content/plugins/ogp-image-generator/includes/generate.php:0
[01-Dec-2022 07:35:39 UTC] PHP Notice:  Trying to access array offset on value of type bool in /Users/ryomaarimura/Local Sites/practicearimuraryomacom/app/public/wp-content/plugins/ogp-image-generator/includes/generate.php on line 26
[01-Dec-2022 07:35:39 UTC] PHP Stack trace:
[01-Dec-2022 07:35:39 UTC] PHP   1. {main}() /Users/ryomaarimura/Local Sites/practicearimuraryomacom/app/public/wp-content/plugins/ogp-image-generator/includes/generate.php:0
[01-Dec-2022 07:35:39 UTC] PHP Notice:  Trying to access array offset on value of type bool in /Users/ryomaarimura/Local Sites/practicearimuraryomacom/app/public/wp-content/plugins/ogp-image-generator/includes/generate.php on line 27
[01-Dec-2022 07:35:39 UTC] PHP Stack trace:
[01-Dec-2022 07:35:39 UTC] PHP   1. {main}() /Users/ryomaarimura/Local Sites/practicearimuraryomacom/app/public/wp-content/plugins/ogp-image-generator/includes/generate.php:0
[01-Dec-2022 07:35:39 UTC] PHP Warning:  imagefttext(): Could not find/open font in /Users/ryomaarimura/Local Sites/practicearimuraryomacom/app/public/wp-content/plugins/ogp-image-generator/includes/generate.php on line 33
[01-Dec-2022 07:35:39 UTC] PHP Stack trace:
[01-Dec-2022 07:35:39 UTC] PHP   1. {main}() /Users/ryomaarimura/Local Sites/practicearimuraryomacom/app/public/wp-content/plugins/ogp-image-generator/includes/generate.php:0
[01-Dec-2022 07:35:39 UTC] PHP   2. imagefttext() /Users/ryomaarimura/Local Sites/practicearimuraryomacom/app/public/wp-content/plugins/ogp-image-generator/includes/generate.php:33
[01-Dec-2022 07:35:40 UTC] PHP Warning:  imagettfbbox(): Could not find/open font in /Users/ryomaarimura/Local Sites/practicearimuraryomacom/app/public/wp-content/plugins/ogp-image-generator/includes/generate.php on line 22
[01-Dec-2022 07:35:40 UTC] PHP Stack trace:
[01-Dec-2022 07:35:40 UTC] PHP   1. {main}() /Users/ryomaarimura/Local Sites/practicearimuraryomacom/app/public/wp-content/plugins/ogp-image-generator/includes/generate.php:0
[01-Dec-2022 07:35:40 UTC] PHP   2. imagettfbbox() /Users/ryomaarimura/Local Sites/practicearimuraryomacom/app/public/wp-content/plugins/ogp-image-generator/includes/generate.php:22
[01-Dec-2022 07:35:40 UTC] PHP Notice:  Trying to access array offset on value of type bool in /Users/ryomaarimura/Local Sites/practicearimuraryomacom/app/public/wp-content/plugins/ogp-image-generator/includes/generate.php on line 23
[01-Dec-2022 07:35:40 UTC] PHP Stack trace:
[01-Dec-2022 07:35:40 UTC] PHP   1. {main}() /Users/ryomaarimura/Local Sites/practicearimuraryomacom/app/public/wp-content/plugins/ogp-image-generator/includes/generate.php:0
[01-Dec-2022 07:35:40 UTC] PHP Notice:  Trying to access array offset on value of type bool in /Users/ryomaarimura/Local Sites/practicearimuraryomacom/app/public/wp-content/plugins/ogp-image-generator/includes/generate.php on line 24
[01-Dec-2022 07:35:40 UTC] PHP Stack trace:
[01-Dec-2022 07:35:40 UTC] PHP   1. {main}() /Users/ryomaarimura/Local Sites/practicearimuraryomacom/app/public/wp-content/plugins/ogp-image-generator/includes/generate.php:0
[01-Dec-2022 07:35:40 UTC] PHP Notice:  Trying to access array offset on value of type bool in /Users/ryomaarimura/Local Sites/practicearimuraryomacom/app/public/wp-content/plugins/ogp-image-generator/includes/generate.php on line 26
[01-Dec-2022 07:35:40 UTC] PHP Stack trace:
[01-Dec-2022 07:35:40 UTC] PHP   1. {main}() /Users/ryomaarimura/Local Sites/practicearimuraryomacom/app/public/wp-content/plugins/ogp-image-generator/includes/generate.php:0
[01-Dec-2022 07:35:40 UTC] PHP Notice:  Trying to access array offset on value of type bool in /Users/ryomaarimura/Local Sites/practicearimuraryomacom/app/public/wp-content/plugins/ogp-image-generator/includes/generate.php on line 27
[01-Dec-2022 07:35:40 UTC] PHP Stack trace:
[01-Dec-2022 07:35:40 UTC] PHP   1. {main}() /Users/ryomaarimura/Local Sites/practicearimuraryomacom/app/public/wp-content/plugins/ogp-image-generator/includes/generate.php:0
[01-Dec-2022 07:35:40 UTC] PHP Warning:  imagefttext(): Could not find/open font in /Users/ryomaarimura/Local Sites/practicearimuraryomacom/app/public/wp-content/plugins/ogp-image-generator/includes/generate.php on line 33
[01-Dec-2022 07:35:40 UTC] PHP Stack trace:
[01-Dec-2022 07:35:40 UTC] PHP   1. {main}() /Users/ryomaarimura/Local Sites/practicearimuraryomacom/app/public/wp-content/plugins/ogp-image-generator/includes/generate.php:0
[01-Dec-2022 07:35:40 UTC] PHP   2. imagefttext() /Users/ryomaarimura/Local Sites/practicearimuraryomacom/app/public/wp-content/plugins/ogp-image-generator/includes/generate.php:33
[01-Dec-2022 07:38:32 UTC] PHP Notice:  Undefined variable: ogp_font_url in /Users/ryomaarimura/Local Sites/practicearimuraryomacom/app/public/wp-content/plugins/ogp-image-generator/includes/generate.php on line 9
[01-Dec-2022 07:38:32 UTC] PHP Stack trace:
[01-Dec-2022 07:38:32 UTC] PHP   1. {main}() /Users/ryomaarimura/Local Sites/practicearimuraryomacom/app/public/wp-content/plugins/ogp-image-generator/includes/generate.php:0
[01-Dec-2022 07:38:32 UTC] PHP Warning:  imagettfbbox(): Could not find/open font in /Users/ryomaarimura/Local Sites/practicearimuraryomacom/app/public/wp-content/plugins/ogp-image-generator/includes/generate.php on line 22
[01-Dec-2022 07:38:32 UTC] PHP Stack trace:
[01-Dec-2022 07:38:32 UTC] PHP   1. {main}() /Users/ryomaarimura/Local Sites/practicearimuraryomacom/app/public/wp-content/plugins/ogp-image-generator/includes/generate.php:0
[01-Dec-2022 07:38:32 UTC] PHP   2. imagettfbbox() /Users/ryomaarimura/Local Sites/practicearimuraryomacom/app/public/wp-content/plugins/ogp-image-generator/includes/generate.php:22
[01-Dec-2022 07:38:32 UTC] PHP Notice:  Trying to access array offset on value of type bool in /Users/ryomaarimura/Local Sites/practicearimuraryomacom/app/public/wp-content/plugins/ogp-image-generator/includes/generate.php on line 23
[01-Dec-2022 07:38:32 UTC] PHP Stack trace:
[01-Dec-2022 07:38:32 UTC] PHP   1. {main}() /Users/ryomaarimura/Local Sites/practicearimuraryomacom/app/public/wp-content/plugins/ogp-image-generator/includes/generate.php:0
[01-Dec-2022 07:38:32 UTC] PHP Notice:  Trying to access array offset on value of type bool in /Users/ryomaarimura/Local Sites/practicearimuraryomacom/app/public/wp-content/plugins/ogp-image-generator/includes/generate.php on line 24
[01-Dec-2022 07:38:32 UTC] PHP Stack trace:
[01-Dec-2022 07:38:32 UTC] PHP   1. {main}() /Users/ryomaarimura/Local Sites/practicearimuraryomacom/app/public/wp-content/plugins/ogp-image-generator/includes/generate.php:0
[01-Dec-2022 07:38:32 UTC] PHP Notice:  Trying to access array offset on value of type bool in /Users/ryomaarimura/Local Sites/practicearimuraryomacom/app/public/wp-content/plugins/ogp-image-generator/includes/generate.php on line 26
[01-Dec-2022 07:38:32 UTC] PHP Stack trace:
[01-Dec-2022 07:38:32 UTC] PHP   1. {main}() /Users/ryomaarimura/Local Sites/practicearimuraryomacom/app/public/wp-content/plugins/ogp-image-generator/includes/generate.php:0
[01-Dec-2022 07:38:32 UTC] PHP Notice:  Trying to access array offset on value of type bool in /Users/ryomaarimura/Local Sites/practicearimuraryomacom/app/public/wp-content/plugins/ogp-image-generator/includes/generate.php on line 27
[01-Dec-2022 07:38:32 UTC] PHP Stack trace:
[01-Dec-2022 07:38:32 UTC] PHP   1. {main}() /Users/ryomaarimura/Local Sites/practicearimuraryomacom/app/public/wp-content/plugins/ogp-image-generator/includes/generate.php:0
[01-Dec-2022 07:38:32 UTC] PHP Warning:  imagefttext(): Could not find/open font in /Users/ryomaarimura/Local Sites/practicearimuraryomacom/app/public/wp-content/plugins/ogp-image-generator/includes/generate.php on line 33
[01-Dec-2022 07:38:32 UTC] PHP Stack trace:
[01-Dec-2022 07:38:32 UTC] PHP   1. {main}() /Users/ryomaarimura/Local Sites/practicearimuraryomacom/app/public/wp-content/plugins/ogp-image-generator/includes/generate.php:0
[01-Dec-2022 07:38:32 UTC] PHP   2. imagefttext() /Users/ryomaarimura/Local Sites/practicearimuraryomacom/app/public/wp-content/plugins/ogp-image-generator/includes/generate.php:33
[01-Dec-2022 07:38:32 UTC] PHP Notice:  Undefined variable: ogp_font_url in /Users/ryomaarimura/Local Sites/practicearimuraryomacom/app/public/wp-content/plugins/ogp-image-generator/includes/generate.php on line 9
[01-Dec-2022 07:38:32 UTC] PHP Stack trace:
[01-Dec-2022 07:38:32 UTC] PHP   1. {main}() /Users/ryomaarimura/Local Sites/practicearimuraryomacom/app/public/wp-content/plugins/ogp-image-generator/includes/generate.php:0
[01-Dec-2022 07:38:32 UTC] PHP Warning:  imagettfbbox(): Could not find/open font in /Users/ryomaarimura/Local Sites/practicearimuraryomacom/app/public/wp-content/plugins/ogp-image-generator/includes/generate.php on line 22
[01-Dec-2022 07:38:32 UTC] PHP Stack trace:
[01-Dec-2022 07:38:32 UTC] PHP   1. {main}() /Users/ryomaarimura/Local Sites/practicearimuraryomacom/app/public/wp-content/plugins/ogp-image-generator/includes/generate.php:0
[01-Dec-2022 07:38:32 UTC] PHP   2. imagettfbbox() /Users/ryomaarimura/Local Sites/practicearimuraryomacom/app/public/wp-content/plugins/ogp-image-generator/includes/generate.php:22
[01-Dec-2022 07:38:32 UTC] PHP Notice:  Trying to access array offset on value of type bool in /Users/ryomaarimura/Local Sites/practicearimuraryomacom/app/public/wp-content/plugins/ogp-image-generator/includes/generate.php on line 23
[01-Dec-2022 07:38:32 UTC] PHP Stack trace:
[01-Dec-2022 07:38:32 UTC] PHP   1. {main}() /Users/ryomaarimura/Local Sites/practicearimuraryomacom/app/public/wp-content/plugins/ogp-image-generator/includes/generate.php:0
[01-Dec-2022 07:38:32 UTC] PHP Notice:  Trying to access array offset on value of type bool in /Users/ryomaarimura/Local Sites/practicearimuraryomacom/app/public/wp-content/plugins/ogp-image-generator/includes/generate.php on line 24
[01-Dec-2022 07:38:32 UTC] PHP Stack trace:
[01-Dec-2022 07:38:32 UTC] PHP   1. {main}() /Users/ryomaarimura/Local Sites/practicearimuraryomacom/app/public/wp-content/plugins/ogp-image-generator/includes/generate.php:0
[01-Dec-2022 07:38:32 UTC] PHP Notice:  Trying to access array offset on value of type bool in /Users/ryomaarimura/Local Sites/practicearimuraryomacom/app/public/wp-content/plugins/ogp-image-generator/includes/generate.php on line 26
[01-Dec-2022 07:38:32 UTC] PHP Stack trace:
[01-Dec-2022 07:38:32 UTC] PHP   1. {main}() /Users/ryomaarimura/Local Sites/practicearimuraryomacom/app/public/wp-content/plugins/ogp-image-generator/includes/generate.php:0
[01-Dec-2022 07:38:32 UTC] PHP Notice:  Trying to access array offset on value of type bool in /Users/ryomaarimura/Local Sites/practicearimuraryomacom/app/public/wp-content/plugins/ogp-image-generator/includes/generate.php on line 27
[01-Dec-2022 07:38:32 UTC] PHP Stack trace:
[01-Dec-2022 07:38:32 UTC] PHP   1. {main}() /Users/ryomaarimura/Local Sites/practicearimuraryomacom/app/public/wp-content/plugins/ogp-image-generator/includes/generate.php:0
[01-Dec-2022 07:38:32 UTC] PHP Warning:  imagefttext(): Could not find/open font in /Users/ryomaarimura/Local Sites/practicearimuraryomacom/app/public/wp-content/plugins/ogp-image-generator/includes/generate.php on line 33
[01-Dec-2022 07:38:32 UTC] PHP Stack trace:
[01-Dec-2022 07:38:32 UTC] PHP   1. {main}() /Users/ryomaarimura/Local Sites/practicearimuraryomacom/app/public/wp-content/plugins/ogp-image-generator/includes/generate.php:0
[01-Dec-2022 07:38:32 UTC] PHP   2. imagefttext() /Users/ryomaarimura/Local Sites/practicearimuraryomacom/app/public/wp-content/plugins/ogp-image-generator/includes/generate.php:33
[01-Dec-2022 07:40:50 UTC] PHP Notice:  Undefined variable: ogp_font_url in /Users/ryomaarimura/Local Sites/practicearimuraryomacom/app/public/wp-content/plugins/ogp-image-generator/includes/generate.php on line 9
[01-Dec-2022 07:40:50 UTC] PHP Stack trace:
[01-Dec-2022 07:40:50 UTC] PHP   1. {main}() /Users/ryomaarimura/Local Sites/practicearimuraryomacom/app/public/wp-content/plugins/ogp-image-generator/includes/generate.php:0
[01-Dec-2022 07:40:50 UTC] PHP Warning:  imagettfbbox(): Could not find/open font in /Users/ryomaarimura/Local Sites/practicearimuraryomacom/app/public/wp-content/plugins/ogp-image-generator/includes/generate.php on line 22
[01-Dec-2022 07:40:50 UTC] PHP Stack trace:
[01-Dec-2022 07:40:50 UTC] PHP   1. {main}() /Users/ryomaarimura/Local Sites/practicearimuraryomacom/app/public/wp-content/plugins/ogp-image-generator/includes/generate.php:0
[01-Dec-2022 07:40:50 UTC] PHP   2. imagettfbbox() /Users/ryomaarimura/Local Sites/practicearimuraryomacom/app/public/wp-content/plugins/ogp-image-generator/includes/generate.php:22
[01-Dec-2022 07:40:50 UTC] PHP Notice:  Trying to access array offset on value of type bool in /Users/ryomaarimura/Local Sites/practicearimuraryomacom/app/public/wp-content/plugins/ogp-image-generator/includes/generate.php on line 23
[01-Dec-2022 07:40:50 UTC] PHP Stack trace:
[01-Dec-2022 07:40:50 UTC] PHP   1. {main}() /Users/ryomaarimura/Local Sites/practicearimuraryomacom/app/public/wp-content/plugins/ogp-image-generator/includes/generate.php:0
[01-Dec-2022 07:40:50 UTC] PHP Notice:  Trying to access array offset on value of type bool in /Users/ryomaarimura/Local Sites/practicearimuraryomacom/app/public/wp-content/plugins/ogp-image-generator/includes/generate.php on line 24
[01-Dec-2022 07:40:50 UTC] PHP Stack trace:
[01-Dec-2022 07:40:50 UTC] PHP   1. {main}() /Users/ryomaarimura/Local Sites/practicearimuraryomacom/app/public/wp-content/plugins/ogp-image-generator/includes/generate.php:0
[01-Dec-2022 07:40:50 UTC] PHP Notice:  Trying to access array offset on value of type bool in /Users/ryomaarimura/Local Sites/practicearimuraryomacom/app/public/wp-content/plugins/ogp-image-generator/includes/generate.php on line 26
[01-Dec-2022 07:40:50 UTC] PHP Stack trace:
[01-Dec-2022 07:40:50 UTC] PHP   1. {main}() /Users/ryomaarimura/Local Sites/practicearimuraryomacom/app/public/wp-content/plugins/ogp-image-generator/includes/generate.php:0
[01-Dec-2022 07:40:50 UTC] PHP Notice:  Trying to access array offset on value of type bool in /Users/ryomaarimura/Local Sites/practicearimuraryomacom/app/public/wp-content/plugins/ogp-image-generator/includes/generate.php on line 27
[01-Dec-2022 07:40:50 UTC] PHP Stack trace:
[01-Dec-2022 07:40:50 UTC] PHP   1. {main}() /Users/ryomaarimura/Local Sites/practicearimuraryomacom/app/public/wp-content/plugins/ogp-image-generator/includes/generate.php:0
[01-Dec-2022 07:40:50 UTC] PHP Warning:  imagefttext(): Could not find/open font in /Users/ryomaarimura/Local Sites/practicearimuraryomacom/app/public/wp-content/plugins/ogp-image-generator/includes/generate.php on line 33
[01-Dec-2022 07:40:50 UTC] PHP Stack trace:
[01-Dec-2022 07:40:50 UTC] PHP   1. {main}() /Users/ryomaarimura/Local Sites/practicearimuraryomacom/app/public/wp-content/plugins/ogp-image-generator/includes/generate.php:0
[01-Dec-2022 07:40:50 UTC] PHP   2. imagefttext() /Users/ryomaarimura/Local Sites/practicearimuraryomacom/app/public/wp-content/plugins/ogp-image-generator/includes/generate.php:33
[01-Dec-2022 07:40:51 UTC] PHP Notice:  Undefined variable: ogp_font_url in /Users/ryomaarimura/Local Sites/practicearimuraryomacom/app/public/wp-content/plugins/ogp-image-generator/includes/generate.php on line 9
[01-Dec-2022 07:40:51 UTC] PHP Stack trace:
[01-Dec-2022 07:40:51 UTC] PHP   1. {main}() /Users/ryomaarimura/Local Sites/practicearimuraryomacom/app/public/wp-content/plugins/ogp-image-generator/includes/generate.php:0
[01-Dec-2022 07:40:51 UTC] PHP Warning:  imagettfbbox(): Could not find/open font in /Users/ryomaarimura/Local Sites/practicearimuraryomacom/app/public/wp-content/plugins/ogp-image-generator/includes/generate.php on line 22
[01-Dec-2022 07:40:51 UTC] PHP Stack trace:
[01-Dec-2022 07:40:51 UTC] PHP   1. {main}() /Users/ryomaarimura/Local Sites/practicearimuraryomacom/app/public/wp-content/plugins/ogp-image-generator/includes/generate.php:0
[01-Dec-2022 07:40:51 UTC] PHP   2. imagettfbbox() /Users/ryomaarimura/Local Sites/practicearimuraryomacom/app/public/wp-content/plugins/ogp-image-generator/includes/generate.php:22
[01-Dec-2022 07:40:51 UTC] PHP Notice:  Trying to access array offset on value of type bool in /Users/ryomaarimura/Local Sites/practicearimuraryomacom/app/public/wp-content/plugins/ogp-image-generator/includes/generate.php on line 23
[01-Dec-2022 07:40:51 UTC] PHP Stack trace:
[01-Dec-2022 07:40:51 UTC] PHP   1. {main}() /Users/ryomaarimura/Local Sites/practicearimuraryomacom/app/public/wp-content/plugins/ogp-image-generator/includes/generate.php:0
[01-Dec-2022 07:40:51 UTC] PHP Notice:  Trying to access array offset on value of type bool in /Users/ryomaarimura/Local Sites/practicearimuraryomacom/app/public/wp-content/plugins/ogp-image-generator/includes/generate.php on line 24
[01-Dec-2022 07:40:51 UTC] PHP Stack trace:
[01-Dec-2022 07:40:51 UTC] PHP   1. {main}() /Users/ryomaarimura/Local Sites/practicearimuraryomacom/app/public/wp-content/plugins/ogp-image-generator/includes/generate.php:0
[01-Dec-2022 07:40:51 UTC] PHP Notice:  Trying to access array offset on value of type bool in /Users/ryomaarimura/Local Sites/practicearimuraryomacom/app/public/wp-content/plugins/ogp-image-generator/includes/generate.php on line 26
[01-Dec-2022 07:40:51 UTC] PHP Stack trace:
[01-Dec-2022 07:40:51 UTC] PHP   1. {main}() /Users/ryomaarimura/Local Sites/practicearimuraryomacom/app/public/wp-content/plugins/ogp-image-generator/includes/generate.php:0
[01-Dec-2022 07:40:51 UTC] PHP Notice:  Trying to access array offset on value of type bool in /Users/ryomaarimura/Local Sites/practicearimuraryomacom/app/public/wp-content/plugins/ogp-image-generator/includes/generate.php on line 27
[01-Dec-2022 07:40:51 UTC] PHP Stack trace:
[01-Dec-2022 07:40:51 UTC] PHP   1. {main}() /Users/ryomaarimura/Local Sites/practicearimuraryomacom/app/public/wp-content/plugins/ogp-image-generator/includes/generate.php:0
[01-Dec-2022 07:40:51 UTC] PHP Warning:  imagefttext(): Could not find/open font in /Users/ryomaarimura/Local Sites/practicearimuraryomacom/app/public/wp-content/plugins/ogp-image-generator/includes/generate.php on line 33
[01-Dec-2022 07:40:51 UTC] PHP Stack trace:
[01-Dec-2022 07:40:51 UTC] PHP   1. {main}() /Users/ryomaarimura/Local Sites/practicearimuraryomacom/app/public/wp-content/plugins/ogp-image-generator/includes/generate.php:0
[01-Dec-2022 07:40:51 UTC] PHP   2. imagefttext() /Users/ryomaarimura/Local Sites/practicearimuraryomacom/app/public/wp-content/plugins/ogp-image-generator/includes/generate.php:33
[01-Dec-2022 07:44:11 UTC] PHP Notice:  Undefined variable: ogp_font_url in /Users/ryomaarimura/Local Sites/practicearimuraryomacom/app/public/wp-content/plugins/ogp-image-generator/includes/generate.php on line 9
[01-Dec-2022 07:44:11 UTC] PHP Stack trace:
[01-Dec-2022 07:44:11 UTC] PHP   1. {main}() /Users/ryomaarimura/Local Sites/practicearimuraryomacom/app/public/wp-content/plugins/ogp-image-generator/includes/generate.php:0
[01-Dec-2022 07:44:11 UTC] PHP Warning:  imagettfbbox(): Could not find/open font in /Users/ryomaarimura/Local Sites/practicearimuraryomacom/app/public/wp-content/plugins/ogp-image-generator/includes/generate.php on line 22
[01-Dec-2022 07:44:11 UTC] PHP Stack trace:
[01-Dec-2022 07:44:11 UTC] PHP   1. {main}() /Users/ryomaarimura/Local Sites/practicearimuraryomacom/app/public/wp-content/plugins/ogp-image-generator/includes/generate.php:0
[01-Dec-2022 07:44:11 UTC] PHP   2. imagettfbbox() /Users/ryomaarimura/Local Sites/practicearimuraryomacom/app/public/wp-content/plugins/ogp-image-generator/includes/generate.php:22
[01-Dec-2022 07:44:11 UTC] PHP Notice:  Trying to access array offset on value of type bool in /Users/ryomaarimura/Local Sites/practicearimuraryomacom/app/public/wp-content/plugins/ogp-image-generator/includes/generate.php on line 23
[01-Dec-2022 07:44:11 UTC] PHP Stack trace:
[01-Dec-2022 07:44:11 UTC] PHP   1. {main}() /Users/ryomaarimura/Local Sites/practicearimuraryomacom/app/public/wp-content/plugins/ogp-image-generator/includes/generate.php:0
[01-Dec-2022 07:44:11 UTC] PHP Notice:  Trying to access array offset on value of type bool in /Users/ryomaarimura/Local Sites/practicearimuraryomacom/app/public/wp-content/plugins/ogp-image-generator/includes/generate.php on line 24
[01-Dec-2022 07:44:11 UTC] PHP Stack trace:
[01-Dec-2022 07:44:11 UTC] PHP   1. {main}() /Users/ryomaarimura/Local Sites/practicearimuraryomacom/app/public/wp-content/plugins/ogp-image-generator/includes/generate.php:0
[01-Dec-2022 07:44:11 UTC] PHP Notice:  Trying to access array offset on value of type bool in /Users/ryomaarimura/Local Sites/practicearimuraryomacom/app/public/wp-content/plugins/ogp-image-generator/includes/generate.php on line 26
[01-Dec-2022 07:44:11 UTC] PHP Stack trace:
[01-Dec-2022 07:44:11 UTC] PHP   1. {main}() /Users/ryomaarimura/Local Sites/practicearimuraryomacom/app/public/wp-content/plugins/ogp-image-generator/includes/generate.php:0
[01-Dec-2022 07:44:11 UTC] PHP Notice:  Trying to access array offset on value of type bool in /Users/ryomaarimura/Local Sites/practicearimuraryomacom/app/public/wp-content/plugins/ogp-image-generator/includes/generate.php on line 27
[01-Dec-2022 07:44:11 UTC] PHP Stack trace:
[01-Dec-2022 07:44:11 UTC] PHP   1. {main}() /Users/ryomaarimura/Local Sites/practicearimuraryomacom/app/public/wp-content/plugins/ogp-image-generator/includes/generate.php:0
[01-Dec-2022 07:44:11 UTC] PHP Warning:  imagefttext(): Could not find/open font in /Users/ryomaarimura/Local Sites/practicearimuraryomacom/app/public/wp-content/plugins/ogp-image-generator/includes/generate.php on line 33
[01-Dec-2022 07:44:11 UTC] PHP Stack trace:
[01-Dec-2022 07:44:11 UTC] PHP   1. {main}() /Users/ryomaarimura/Local Sites/practicearimuraryomacom/app/public/wp-content/plugins/ogp-image-generator/includes/generate.php:0
[01-Dec-2022 07:44:11 UTC] PHP   2. imagefttext() /Users/ryomaarimura/Local Sites/practicearimuraryomacom/app/public/wp-content/plugins/ogp-image-generator/includes/generate.php:33
[01-Dec-2022 07:44:11 UTC] PHP Notice:  Undefined variable: ogp_font_url in /Users/ryomaarimura/Local Sites/practicearimuraryomacom/app/public/wp-content/plugins/ogp-image-generator/includes/generate.php on line 9
[01-Dec-2022 07:44:11 UTC] PHP Stack trace:
[01-Dec-2022 07:44:11 UTC] PHP   1. {main}() /Users/ryomaarimura/Local Sites/practicearimuraryomacom/app/public/wp-content/plugins/ogp-image-generator/includes/generate.php:0
[01-Dec-2022 07:44:11 UTC] PHP Warning:  imagettfbbox(): Could not find/open font in /Users/ryomaarimura/Local Sites/practicearimuraryomacom/app/public/wp-content/plugins/ogp-image-generator/includes/generate.php on line 22
[01-Dec-2022 07:44:11 UTC] PHP Stack trace:
[01-Dec-2022 07:44:11 UTC] PHP   1. {main}() /Users/ryomaarimura/Local Sites/practicearimuraryomacom/app/public/wp-content/plugins/ogp-image-generator/includes/generate.php:0
[01-Dec-2022 07:44:11 UTC] PHP   2. imagettfbbox() /Users/ryomaarimura/Local Sites/practicearimuraryomacom/app/public/wp-content/plugins/ogp-image-generator/includes/generate.php:22
[01-Dec-2022 07:44:11 UTC] PHP Notice:  Trying to access array offset on value of type bool in /Users/ryomaarimura/Local Sites/practicearimuraryomacom/app/public/wp-content/plugins/ogp-image-generator/includes/generate.php on line 23
[01-Dec-2022 07:44:11 UTC] PHP Stack trace:
[01-Dec-2022 07:44:11 UTC] PHP   1. {main}() /Users/ryomaarimura/Local Sites/practicearimuraryomacom/app/public/wp-content/plugins/ogp-image-generator/includes/generate.php:0
[01-Dec-2022 07:44:11 UTC] PHP Notice:  Trying to access array offset on value of type bool in /Users/ryomaarimura/Local Sites/practicearimuraryomacom/app/public/wp-content/plugins/ogp-image-generator/includes/generate.php on line 24
[01-Dec-2022 07:44:11 UTC] PHP Stack trace:
[01-Dec-2022 07:44:11 UTC] PHP   1. {main}() /Users/ryomaarimura/Local Sites/practicearimuraryomacom/app/public/wp-content/plugins/ogp-image-generator/includes/generate.php:0
[01-Dec-2022 07:44:11 UTC] PHP Notice:  Trying to access array offset on value of type bool in /Users/ryomaarimura/Local Sites/practicearimuraryomacom/app/public/wp-content/plugins/ogp-image-generator/includes/generate.php on line 26
[01-Dec-2022 07:44:11 UTC] PHP Stack trace:
[01-Dec-2022 07:44:11 UTC] PHP   1. {main}() /Users/ryomaarimura/Local Sites/practicearimuraryomacom/app/public/wp-content/plugins/ogp-image-generator/includes/generate.php:0
[01-Dec-2022 07:44:11 UTC] PHP Notice:  Trying to access array offset on value of type bool in /Users/ryomaarimura/Local Sites/practicearimuraryomacom/app/public/wp-content/plugins/ogp-image-generator/includes/generate.php on line 27
[01-Dec-2022 07:44:11 UTC] PHP Stack trace:
[01-Dec-2022 07:44:11 UTC] PHP   1. {main}() /Users/ryomaarimura/Local Sites/practicearimuraryomacom/app/public/wp-content/plugins/ogp-image-generator/includes/generate.php:0
[01-Dec-2022 07:44:11 UTC] PHP Warning:  imagefttext(): Could not find/open font in /Users/ryomaarimura/Local Sites/practicearimuraryomacom/app/public/wp-content/plugins/ogp-image-generator/includes/generate.php on line 33
[01-Dec-2022 07:44:11 UTC] PHP Stack trace:
[01-Dec-2022 07:44:11 UTC] PHP   1. {main}() /Users/ryomaarimura/Local Sites/practicearimuraryomacom/app/public/wp-content/plugins/ogp-image-generator/includes/generate.php:0
[01-Dec-2022 07:44:11 UTC] PHP   2. imagefttext() /Users/ryomaarimura/Local Sites/practicearimuraryomacom/app/public/wp-content/plugins/ogp-image-generator/includes/generate.php:33
