[07-Dec-2022 02:08:24 UTC] PHP Warning:  imagecolorallocate() expects parameter 1 to be resource, string given in /Users/ryomaarimura/Local Sites/practicearimuraryomacom/app/public/wp-content/plugins/ogp-image-generator/includes/generate.php on line 15
[07-Dec-2022 02:08:24 UTC] PHP Stack trace:
[07-Dec-2022 02:08:24 UTC] PHP   1. {main}() /Users/ryomaarimura/Local Sites/practicearimuraryomacom/app/public/wp-content/plugins/ogp-image-generator/includes/generate.php:0
[07-Dec-2022 02:08:24 UTC] PHP   2. imagecolorallocate() /Users/ryomaarimura/Local Sites/practicearimuraryomacom/app/public/wp-content/plugins/ogp-image-generator/includes/generate.php:15
[07-Dec-2022 02:08:24 UTC] PHP Warning:  imagettfbbox(): Could not find/open font in /Users/ryomaarimura/Local Sites/practicearimuraryomacom/app/public/wp-content/plugins/ogp-image-generator/includes/generate.php on line 23
[07-Dec-2022 02:08:24 UTC] PHP Stack trace:
[07-Dec-2022 02:08:24 UTC] PHP   1. {main}() /Users/ryomaarimura/Local Sites/practicearimuraryomacom/app/public/wp-content/plugins/ogp-image-generator/includes/generate.php:0
[07-Dec-2022 02:08:24 UTC] PHP   2. imagettfbbox() /Users/ryomaarimura/Local Sites/practicearimuraryomacom/app/public/wp-content/plugins/ogp-image-generator/includes/generate.php:23
[07-Dec-2022 02:08:24 UTC] PHP Notice:  Trying to access array offset on value of type bool in /Users/ryomaarimura/Local Sites/practicearimuraryomacom/app/public/wp-content/plugins/ogp-image-generator/includes/generate.php on line 24
[07-Dec-2022 02:08:24 UTC] PHP Stack trace:
[07-Dec-2022 02:08:24 UTC] PHP   1. {main}() /Users/ryomaarimura/Local Sites/practicearimuraryomacom/app/public/wp-content/plugins/ogp-image-generator/includes/generate.php:0
[07-Dec-2022 02:08:24 UTC] PHP Notice:  Trying to access array offset on value of type bool in /Users/ryomaarimura/Local Sites/practicearimuraryomacom/app/public/wp-content/plugins/ogp-image-generator/includes/generate.php on line 25
[07-Dec-2022 02:08:24 UTC] PHP Stack trace:
[07-Dec-2022 02:08:24 UTC] PHP   1. {main}() /Users/ryomaarimura/Local Sites/practicearimuraryomacom/app/public/wp-content/plugins/ogp-image-generator/includes/generate.php:0
[07-Dec-2022 02:08:24 UTC] PHP Notice:  Trying to access array offset on value of type bool in /Users/ryomaarimura/Local Sites/practicearimuraryomacom/app/public/wp-content/plugins/ogp-image-generator/includes/generate.php on line 27
[07-Dec-2022 02:08:24 UTC] PHP Stack trace:
[07-Dec-2022 02:08:24 UTC] PHP   1. {main}() /Users/ryomaarimura/Local Sites/practicearimuraryomacom/app/public/wp-content/plugins/ogp-image-generator/includes/generate.php:0
[07-Dec-2022 02:08:24 UTC] PHP Notice:  Trying to access array offset on value of type bool in /Users/ryomaarimura/Local Sites/practicearimuraryomacom/app/public/wp-content/plugins/ogp-image-generator/includes/generate.php on line 28
[07-Dec-2022 02:08:24 UTC] PHP Stack trace:
[07-Dec-2022 02:08:24 UTC] PHP   1. {main}() /Users/ryomaarimura/Local Sites/practicearimuraryomacom/app/public/wp-content/plugins/ogp-image-generator/includes/generate.php:0
[07-Dec-2022 02:08:24 UTC] PHP Warning:  imagefttext() expects parameter 1 to be resource, string given in /Users/ryomaarimura/Local Sites/practicearimuraryomacom/app/public/wp-content/plugins/ogp-image-generator/includes/generate.php on line 34
[07-Dec-2022 02:08:24 UTC] PHP Stack trace:
[07-Dec-2022 02:08:24 UTC] PHP   1. {main}() /Users/ryomaarimura/Local Sites/practicearimuraryomacom/app/public/wp-content/plugins/ogp-image-generator/includes/generate.php:0
[07-Dec-2022 02:08:24 UTC] PHP   2. imagefttext() /Users/ryomaarimura/Local Sites/practicearimuraryomacom/app/public/wp-content/plugins/ogp-image-generator/includes/generate.php:34
[07-Dec-2022 02:08:24 UTC] PHP Warning:  imagepng() expects parameter 1 to be resource, string given in /Users/ryomaarimura/Local Sites/practicearimuraryomacom/app/public/wp-content/plugins/ogp-image-generator/includes/generate.php on line 37
[07-Dec-2022 02:08:24 UTC] PHP Stack trace:
[07-Dec-2022 02:08:24 UTC] PHP   1. {main}() /Users/ryomaarimura/Local Sites/practicearimuraryomacom/app/public/wp-content/plugins/ogp-image-generator/includes/generate.php:0
[07-Dec-2022 02:08:24 UTC] PHP   2. imagepng() /Users/ryomaarimura/Local Sites/practicearimuraryomacom/app/public/wp-content/plugins/ogp-image-generator/includes/generate.php:37
[07-Dec-2022 02:08:24 UTC] PHP Warning:  imagedestroy() expects parameter 1 to be resource, string given in /Users/ryomaarimura/Local Sites/practicearimuraryomacom/app/public/wp-content/plugins/ogp-image-generator/includes/generate.php on line 38
[07-Dec-2022 02:08:24 UTC] PHP Stack trace:
[07-Dec-2022 02:08:24 UTC] PHP   1. {main}() /Users/ryomaarimura/Local Sites/practicearimuraryomacom/app/public/wp-content/plugins/ogp-image-generator/includes/generate.php:0
[07-Dec-2022 02:08:24 UTC] PHP   2. imagedestroy() /Users/ryomaarimura/Local Sites/practicearimuraryomacom/app/public/wp-content/plugins/ogp-image-generator/includes/generate.php:38
[07-Dec-2022 02:20:25 UTC] PHP Warning:  imagecolorallocate() expects parameter 1 to be resource, string given in /Users/ryomaarimura/Local Sites/practicearimuraryomacom/app/public/wp-content/plugins/ogp-image-generator/includes/generate.php on line 18
[07-Dec-2022 02:20:25 UTC] PHP Stack trace:
[07-Dec-2022 02:20:25 UTC] PHP   1. {main}() /Users/ryomaarimura/Local Sites/practicearimuraryomacom/app/public/wp-content/plugins/ogp-image-generator/includes/generate.php:0
[07-Dec-2022 02:20:25 UTC] PHP   2. imagecolorallocate() /Users/ryomaarimura/Local Sites/practicearimuraryomacom/app/public/wp-content/plugins/ogp-image-generator/includes/generate.php:18
[07-Dec-2022 02:20:25 UTC] PHP Warning:  imagettfbbox(): Could not find/open font in /Users/ryomaarimura/Local Sites/practicearimuraryomacom/app/public/wp-content/plugins/ogp-image-generator/includes/generate.php on line 26
[07-Dec-2022 02:20:25 UTC] PHP Stack trace:
[07-Dec-2022 02:20:25 UTC] PHP   1. {main}() /Users/ryomaarimura/Local Sites/practicearimuraryomacom/app/public/wp-content/plugins/ogp-image-generator/includes/generate.php:0
[07-Dec-2022 02:20:25 UTC] PHP   2. imagettfbbox() /Users/ryomaarimura/Local Sites/practicearimuraryomacom/app/public/wp-content/plugins/ogp-image-generator/includes/generate.php:26
[07-Dec-2022 02:20:25 UTC] PHP Notice:  Trying to access array offset on value of type bool in /Users/ryomaarimura/Local Sites/practicearimuraryomacom/app/public/wp-content/plugins/ogp-image-generator/includes/generate.php on line 27
[07-Dec-2022 02:20:25 UTC] PHP Stack trace:
[07-Dec-2022 02:20:25 UTC] PHP   1. {main}() /Users/ryomaarimura/Local Sites/practicearimuraryomacom/app/public/wp-content/plugins/ogp-image-generator/includes/generate.php:0
[07-Dec-2022 02:20:25 UTC] PHP Notice:  Trying to access array offset on value of type bool in /Users/ryomaarimura/Local Sites/practicearimuraryomacom/app/public/wp-content/plugins/ogp-image-generator/includes/generate.php on line 28
[07-Dec-2022 02:20:25 UTC] PHP Stack trace:
[07-Dec-2022 02:20:25 UTC] PHP   1. {main}() /Users/ryomaarimura/Local Sites/practicearimuraryomacom/app/public/wp-content/plugins/ogp-image-generator/includes/generate.php:0
[07-Dec-2022 02:20:25 UTC] PHP Notice:  Trying to access array offset on value of type bool in /Users/ryomaarimura/Local Sites/practicearimuraryomacom/app/public/wp-content/plugins/ogp-image-generator/includes/generate.php on line 30
[07-Dec-2022 02:20:25 UTC] PHP Stack trace:
[07-Dec-2022 02:20:25 UTC] PHP   1. {main}() /Users/ryomaarimura/Local Sites/practicearimuraryomacom/app/public/wp-content/plugins/ogp-image-generator/includes/generate.php:0
[07-Dec-2022 02:20:25 UTC] PHP Notice:  Trying to access array offset on value of type bool in /Users/ryomaarimura/Local Sites/practicearimuraryomacom/app/public/wp-content/plugins/ogp-image-generator/includes/generate.php on line 31
[07-Dec-2022 02:20:25 UTC] PHP Stack trace:
[07-Dec-2022 02:20:25 UTC] PHP   1. {main}() /Users/ryomaarimura/Local Sites/practicearimuraryomacom/app/public/wp-content/plugins/ogp-image-generator/includes/generate.php:0
[07-Dec-2022 02:20:25 UTC] PHP Warning:  imagefttext() expects parameter 1 to be resource, string given in /Users/ryomaarimura/Local Sites/practicearimuraryomacom/app/public/wp-content/plugins/ogp-image-generator/includes/generate.php on line 37
[07-Dec-2022 02:20:25 UTC] PHP Stack trace:
[07-Dec-2022 02:20:25 UTC] PHP   1. {main}() /Users/ryomaarimura/Local Sites/practicearimuraryomacom/app/public/wp-content/plugins/ogp-image-generator/includes/generate.php:0
[07-Dec-2022 02:20:25 UTC] PHP   2. imagefttext() /Users/ryomaarimura/Local Sites/practicearimuraryomacom/app/public/wp-content/plugins/ogp-image-generator/includes/generate.php:37
[07-Dec-2022 02:20:25 UTC] PHP Warning:  imagepng() expects parameter 1 to be resource, string given in /Users/ryomaarimura/Local Sites/practicearimuraryomacom/app/public/wp-content/plugins/ogp-image-generator/includes/generate.php on line 40
[07-Dec-2022 02:20:25 UTC] PHP Stack trace:
[07-Dec-2022 02:20:25 UTC] PHP   1. {main}() /Users/ryomaarimura/Local Sites/practicearimuraryomacom/app/public/wp-content/plugins/ogp-image-generator/includes/generate.php:0
[07-Dec-2022 02:20:25 UTC] PHP   2. imagepng() /Users/ryomaarimura/Local Sites/practicearimuraryomacom/app/public/wp-content/plugins/ogp-image-generator/includes/generate.php:40
[07-Dec-2022 02:20:25 UTC] PHP Warning:  imagedestroy() expects parameter 1 to be resource, string given in /Users/ryomaarimura/Local Sites/practicearimuraryomacom/app/public/wp-content/plugins/ogp-image-generator/includes/generate.php on line 41
[07-Dec-2022 02:20:25 UTC] PHP Stack trace:
[07-Dec-2022 02:20:25 UTC] PHP   1. {main}() /Users/ryomaarimura/Local Sites/practicearimuraryomacom/app/public/wp-content/plugins/ogp-image-generator/includes/generate.php:0
[07-Dec-2022 02:20:25 UTC] PHP   2. imagedestroy() /Users/ryomaarimura/Local Sites/practicearimuraryomacom/app/public/wp-content/plugins/ogp-image-generator/includes/generate.php:41
[07-Dec-2022 02:20:26 UTC] PHP Warning:  imagecolorallocate() expects parameter 1 to be resource, string given in /Users/ryomaarimura/Local Sites/practicearimuraryomacom/app/public/wp-content/plugins/ogp-image-generator/includes/generate.php on line 18
[07-Dec-2022 02:20:26 UTC] PHP Stack trace:
[07-Dec-2022 02:20:26 UTC] PHP   1. {main}() /Users/ryomaarimura/Local Sites/practicearimuraryomacom/app/public/wp-content/plugins/ogp-image-generator/includes/generate.php:0
[07-Dec-2022 02:20:26 UTC] PHP   2. imagecolorallocate() /Users/ryomaarimura/Local Sites/practicearimuraryomacom/app/public/wp-content/plugins/ogp-image-generator/includes/generate.php:18
[07-Dec-2022 02:20:26 UTC] PHP Warning:  imagettfbbox(): Could not find/open font in /Users/ryomaarimura/Local Sites/practicearimuraryomacom/app/public/wp-content/plugins/ogp-image-generator/includes/generate.php on line 26
[07-Dec-2022 02:20:26 UTC] PHP Stack trace:
[07-Dec-2022 02:20:26 UTC] PHP   1. {main}() /Users/ryomaarimura/Local Sites/practicearimuraryomacom/app/public/wp-content/plugins/ogp-image-generator/includes/generate.php:0
[07-Dec-2022 02:20:26 UTC] PHP   2. imagettfbbox() /Users/ryomaarimura/Local Sites/practicearimuraryomacom/app/public/wp-content/plugins/ogp-image-generator/includes/generate.php:26
[07-Dec-2022 02:20:26 UTC] PHP Notice:  Trying to access array offset on value of type bool in /Users/ryomaarimura/Local Sites/practicearimuraryomacom/app/public/wp-content/plugins/ogp-image-generator/includes/generate.php on line 27
[07-Dec-2022 02:20:26 UTC] PHP Stack trace:
[07-Dec-2022 02:20:26 UTC] PHP   1. {main}() /Users/ryomaarimura/Local Sites/practicearimuraryomacom/app/public/wp-content/plugins/ogp-image-generator/includes/generate.php:0
[07-Dec-2022 02:20:26 UTC] PHP Notice:  Trying to access array offset on value of type bool in /Users/ryomaarimura/Local Sites/practicearimuraryomacom/app/public/wp-content/plugins/ogp-image-generator/includes/generate.php on line 28
[07-Dec-2022 02:20:26 UTC] PHP Stack trace:
[07-Dec-2022 02:20:26 UTC] PHP   1. {main}() /Users/ryomaarimura/Local Sites/practicearimuraryomacom/app/public/wp-content/plugins/ogp-image-generator/includes/generate.php:0
[07-Dec-2022 02:20:26 UTC] PHP Notice:  Trying to access array offset on value of type bool in /Users/ryomaarimura/Local Sites/practicearimuraryomacom/app/public/wp-content/plugins/ogp-image-generator/includes/generate.php on line 30
[07-Dec-2022 02:20:26 UTC] PHP Stack trace:
[07-Dec-2022 02:20:26 UTC] PHP   1. {main}() /Users/ryomaarimura/Local Sites/practicearimuraryomacom/app/public/wp-content/plugins/ogp-image-generator/includes/generate.php:0
[07-Dec-2022 02:20:26 UTC] PHP Notice:  Trying to access array offset on value of type bool in /Users/ryomaarimura/Local Sites/practicearimuraryomacom/app/public/wp-content/plugins/ogp-image-generator/includes/generate.php on line 31
[07-Dec-2022 02:20:26 UTC] PHP Stack trace:
[07-Dec-2022 02:20:26 UTC] PHP   1. {main}() /Users/ryomaarimura/Local Sites/practicearimuraryomacom/app/public/wp-content/plugins/ogp-image-generator/includes/generate.php:0
[07-Dec-2022 02:20:26 UTC] PHP Warning:  imagefttext() expects parameter 1 to be resource, string given in /Users/ryomaarimura/Local Sites/practicearimuraryomacom/app/public/wp-content/plugins/ogp-image-generator/includes/generate.php on line 37
[07-Dec-2022 02:20:26 UTC] PHP Stack trace:
[07-Dec-2022 02:20:26 UTC] PHP   1. {main}() /Users/ryomaarimura/Local Sites/practicearimuraryomacom/app/public/wp-content/plugins/ogp-image-generator/includes/generate.php:0
[07-Dec-2022 02:20:26 UTC] PHP   2. imagefttext() /Users/ryomaarimura/Local Sites/practicearimuraryomacom/app/public/wp-content/plugins/ogp-image-generator/includes/generate.php:37
[07-Dec-2022 02:20:26 UTC] PHP Warning:  imagepng() expects parameter 1 to be resource, string given in /Users/ryomaarimura/Local Sites/practicearimuraryomacom/app/public/wp-content/plugins/ogp-image-generator/includes/generate.php on line 40
[07-Dec-2022 02:20:26 UTC] PHP Stack trace:
[07-Dec-2022 02:20:26 UTC] PHP   1. {main}() /Users/ryomaarimura/Local Sites/practicearimuraryomacom/app/public/wp-content/plugins/ogp-image-generator/includes/generate.php:0
[07-Dec-2022 02:20:26 UTC] PHP   2. imagepng() /Users/ryomaarimura/Local Sites/practicearimuraryomacom/app/public/wp-content/plugins/ogp-image-generator/includes/generate.php:40
[07-Dec-2022 02:20:26 UTC] PHP Warning:  imagedestroy() expects parameter 1 to be resource, string given in /Users/ryomaarimura/Local Sites/practicearimuraryomacom/app/public/wp-content/plugins/ogp-image-generator/includes/generate.php on line 41
[07-Dec-2022 02:20:26 UTC] PHP Stack trace:
[07-Dec-2022 02:20:26 UTC] PHP   1. {main}() /Users/ryomaarimura/Local Sites/practicearimuraryomacom/app/public/wp-content/plugins/ogp-image-generator/includes/generate.php:0
[07-Dec-2022 02:20:26 UTC] PHP   2. imagedestroy() /Users/ryomaarimura/Local Sites/practicearimuraryomacom/app/public/wp-content/plugins/ogp-image-generator/includes/generate.php:41
[07-Dec-2022 02:21:02 UTC] PHP Warning:  imagecolorallocate() expects parameter 1 to be resource, string given in /Users/ryomaarimura/Local Sites/practicearimuraryomacom/app/public/wp-content/plugins/ogp-image-generator/includes/generate.php on line 18
[07-Dec-2022 02:21:02 UTC] PHP Stack trace:
[07-Dec-2022 02:21:02 UTC] PHP   1. {main}() /Users/ryomaarimura/Local Sites/practicearimuraryomacom/app/public/wp-content/plugins/ogp-image-generator/includes/generate.php:0
[07-Dec-2022 02:21:02 UTC] PHP   2. imagecolorallocate() /Users/ryomaarimura/Local Sites/practicearimuraryomacom/app/public/wp-content/plugins/ogp-image-generator/includes/generate.php:18
[07-Dec-2022 02:21:02 UTC] PHP Warning:  imagettfbbox(): Could not find/open font in /Users/ryomaarimura/Local Sites/practicearimuraryomacom/app/public/wp-content/plugins/ogp-image-generator/includes/generate.php on line 26
[07-Dec-2022 02:21:02 UTC] PHP Stack trace:
[07-Dec-2022 02:21:02 UTC] PHP   1. {main}() /Users/ryomaarimura/Local Sites/practicearimuraryomacom/app/public/wp-content/plugins/ogp-image-generator/includes/generate.php:0
[07-Dec-2022 02:21:02 UTC] PHP   2. imagettfbbox() /Users/ryomaarimura/Local Sites/practicearimuraryomacom/app/public/wp-content/plugins/ogp-image-generator/includes/generate.php:26
[07-Dec-2022 02:21:02 UTC] PHP Notice:  Trying to access array offset on value of type bool in /Users/ryomaarimura/Local Sites/practicearimuraryomacom/app/public/wp-content/plugins/ogp-image-generator/includes/generate.php on line 27
[07-Dec-2022 02:21:02 UTC] PHP Stack trace:
[07-Dec-2022 02:21:02 UTC] PHP   1. {main}() /Users/ryomaarimura/Local Sites/practicearimuraryomacom/app/public/wp-content/plugins/ogp-image-generator/includes/generate.php:0
[07-Dec-2022 02:21:02 UTC] PHP Notice:  Trying to access array offset on value of type bool in /Users/ryomaarimura/Local Sites/practicearimuraryomacom/app/public/wp-content/plugins/ogp-image-generator/includes/generate.php on line 28
[07-Dec-2022 02:21:02 UTC] PHP Stack trace:
[07-Dec-2022 02:21:02 UTC] PHP   1. {main}() /Users/ryomaarimura/Local Sites/practicearimuraryomacom/app/public/wp-content/plugins/ogp-image-generator/includes/generate.php:0
[07-Dec-2022 02:21:02 UTC] PHP Notice:  Trying to access array offset on value of type bool in /Users/ryomaarimura/Local Sites/practicearimuraryomacom/app/public/wp-content/plugins/ogp-image-generator/includes/generate.php on line 30
[07-Dec-2022 02:21:02 UTC] PHP Stack trace:
[07-Dec-2022 02:21:02 UTC] PHP   1. {main}() /Users/ryomaarimura/Local Sites/practicearimuraryomacom/app/public/wp-content/plugins/ogp-image-generator/includes/generate.php:0
[07-Dec-2022 02:21:02 UTC] PHP Notice:  Trying to access array offset on value of type bool in /Users/ryomaarimura/Local Sites/practicearimuraryomacom/app/public/wp-content/plugins/ogp-image-generator/includes/generate.php on line 31
[07-Dec-2022 02:21:02 UTC] PHP Stack trace:
[07-Dec-2022 02:21:02 UTC] PHP   1. {main}() /Users/ryomaarimura/Local Sites/practicearimuraryomacom/app/public/wp-content/plugins/ogp-image-generator/includes/generate.php:0
[07-Dec-2022 02:21:02 UTC] PHP Warning:  imagefttext() expects parameter 1 to be resource, string given in /Users/ryomaarimura/Local Sites/practicearimuraryomacom/app/public/wp-content/plugins/ogp-image-generator/includes/generate.php on line 37
[07-Dec-2022 02:21:02 UTC] PHP Stack trace:
[07-Dec-2022 02:21:02 UTC] PHP   1. {main}() /Users/ryomaarimura/Local Sites/practicearimuraryomacom/app/public/wp-content/plugins/ogp-image-generator/includes/generate.php:0
[07-Dec-2022 02:21:02 UTC] PHP   2. imagefttext() /Users/ryomaarimura/Local Sites/practicearimuraryomacom/app/public/wp-content/plugins/ogp-image-generator/includes/generate.php:37
[07-Dec-2022 02:21:02 UTC] PHP Warning:  imagepng() expects parameter 1 to be resource, string given in /Users/ryomaarimura/Local Sites/practicearimuraryomacom/app/public/wp-content/plugins/ogp-image-generator/includes/generate.php on line 40
[07-Dec-2022 02:21:02 UTC] PHP Stack trace:
[07-Dec-2022 02:21:02 UTC] PHP   1. {main}() /Users/ryomaarimura/Local Sites/practicearimuraryomacom/app/public/wp-content/plugins/ogp-image-generator/includes/generate.php:0
[07-Dec-2022 02:21:02 UTC] PHP   2. imagepng() /Users/ryomaarimura/Local Sites/practicearimuraryomacom/app/public/wp-content/plugins/ogp-image-generator/includes/generate.php:40
[07-Dec-2022 02:21:02 UTC] PHP Warning:  imagedestroy() expects parameter 1 to be resource, string given in /Users/ryomaarimura/Local Sites/practicearimuraryomacom/app/public/wp-content/plugins/ogp-image-generator/includes/generate.php on line 41
[07-Dec-2022 02:21:02 UTC] PHP Stack trace:
[07-Dec-2022 02:21:02 UTC] PHP   1. {main}() /Users/ryomaarimura/Local Sites/practicearimuraryomacom/app/public/wp-content/plugins/ogp-image-generator/includes/generate.php:0
[07-Dec-2022 02:21:02 UTC] PHP   2. imagedestroy() /Users/ryomaarimura/Local Sites/practicearimuraryomacom/app/public/wp-content/plugins/ogp-image-generator/includes/generate.php:41
[07-Dec-2022 02:21:03 UTC] PHP Warning:  imagecolorallocate() expects parameter 1 to be resource, string given in /Users/ryomaarimura/Local Sites/practicearimuraryomacom/app/public/wp-content/plugins/ogp-image-generator/includes/generate.php on line 18
[07-Dec-2022 02:21:03 UTC] PHP Stack trace:
[07-Dec-2022 02:21:03 UTC] PHP   1. {main}() /Users/ryomaarimura/Local Sites/practicearimuraryomacom/app/public/wp-content/plugins/ogp-image-generator/includes/generate.php:0
[07-Dec-2022 02:21:03 UTC] PHP   2. imagecolorallocate() /Users/ryomaarimura/Local Sites/practicearimuraryomacom/app/public/wp-content/plugins/ogp-image-generator/includes/generate.php:18
[07-Dec-2022 02:21:03 UTC] PHP Warning:  imagettfbbox(): Could not find/open font in /Users/ryomaarimura/Local Sites/practicearimuraryomacom/app/public/wp-content/plugins/ogp-image-generator/includes/generate.php on line 26
[07-Dec-2022 02:21:03 UTC] PHP Stack trace:
[07-Dec-2022 02:21:03 UTC] PHP   1. {main}() /Users/ryomaarimura/Local Sites/practicearimuraryomacom/app/public/wp-content/plugins/ogp-image-generator/includes/generate.php:0
[07-Dec-2022 02:21:03 UTC] PHP   2. imagettfbbox() /Users/ryomaarimura/Local Sites/practicearimuraryomacom/app/public/wp-content/plugins/ogp-image-generator/includes/generate.php:26
[07-Dec-2022 02:21:03 UTC] PHP Notice:  Trying to access array offset on value of type bool in /Users/ryomaarimura/Local Sites/practicearimuraryomacom/app/public/wp-content/plugins/ogp-image-generator/includes/generate.php on line 27
[07-Dec-2022 02:21:03 UTC] PHP Stack trace:
[07-Dec-2022 02:21:03 UTC] PHP   1. {main}() /Users/ryomaarimura/Local Sites/practicearimuraryomacom/app/public/wp-content/plugins/ogp-image-generator/includes/generate.php:0
[07-Dec-2022 02:21:03 UTC] PHP Notice:  Trying to access array offset on value of type bool in /Users/ryomaarimura/Local Sites/practicearimuraryomacom/app/public/wp-content/plugins/ogp-image-generator/includes/generate.php on line 28
[07-Dec-2022 02:21:03 UTC] PHP Stack trace:
[07-Dec-2022 02:21:03 UTC] PHP   1. {main}() /Users/ryomaarimura/Local Sites/practicearimuraryomacom/app/public/wp-content/plugins/ogp-image-generator/includes/generate.php:0
[07-Dec-2022 02:21:03 UTC] PHP Notice:  Trying to access array offset on value of type bool in /Users/ryomaarimura/Local Sites/practicearimuraryomacom/app/public/wp-content/plugins/ogp-image-generator/includes/generate.php on line 30
[07-Dec-2022 02:21:03 UTC] PHP Stack trace:
[07-Dec-2022 02:21:03 UTC] PHP   1. {main}() /Users/ryomaarimura/Local Sites/practicearimuraryomacom/app/public/wp-content/plugins/ogp-image-generator/includes/generate.php:0
[07-Dec-2022 02:21:03 UTC] PHP Notice:  Trying to access array offset on value of type bool in /Users/ryomaarimura/Local Sites/practicearimuraryomacom/app/public/wp-content/plugins/ogp-image-generator/includes/generate.php on line 31
[07-Dec-2022 02:21:03 UTC] PHP Stack trace:
[07-Dec-2022 02:21:03 UTC] PHP   1. {main}() /Users/ryomaarimura/Local Sites/practicearimuraryomacom/app/public/wp-content/plugins/ogp-image-generator/includes/generate.php:0
[07-Dec-2022 02:21:03 UTC] PHP Warning:  imagefttext() expects parameter 1 to be resource, string given in /Users/ryomaarimura/Local Sites/practicearimuraryomacom/app/public/wp-content/plugins/ogp-image-generator/includes/generate.php on line 37
[07-Dec-2022 02:21:03 UTC] PHP Stack trace:
[07-Dec-2022 02:21:03 UTC] PHP   1. {main}() /Users/ryomaarimura/Local Sites/practicearimuraryomacom/app/public/wp-content/plugins/ogp-image-generator/includes/generate.php:0
[07-Dec-2022 02:21:03 UTC] PHP   2. imagefttext() /Users/ryomaarimura/Local Sites/practicearimuraryomacom/app/public/wp-content/plugins/ogp-image-generator/includes/generate.php:37
[07-Dec-2022 02:21:03 UTC] PHP Warning:  imagepng() expects parameter 1 to be resource, string given in /Users/ryomaarimura/Local Sites/practicearimuraryomacom/app/public/wp-content/plugins/ogp-image-generator/includes/generate.php on line 40
[07-Dec-2022 02:21:03 UTC] PHP Stack trace:
[07-Dec-2022 02:21:03 UTC] PHP   1. {main}() /Users/ryomaarimura/Local Sites/practicearimuraryomacom/app/public/wp-content/plugins/ogp-image-generator/includes/generate.php:0
[07-Dec-2022 02:21:03 UTC] PHP   2. imagepng() /Users/ryomaarimura/Local Sites/practicearimuraryomacom/app/public/wp-content/plugins/ogp-image-generator/includes/generate.php:40
[07-Dec-2022 02:21:03 UTC] PHP Warning:  imagedestroy() expects parameter 1 to be resource, string given in /Users/ryomaarimura/Local Sites/practicearimuraryomacom/app/public/wp-content/plugins/ogp-image-generator/includes/generate.php on line 41
[07-Dec-2022 02:21:03 UTC] PHP Stack trace:
[07-Dec-2022 02:21:03 UTC] PHP   1. {main}() /Users/ryomaarimura/Local Sites/practicearimuraryomacom/app/public/wp-content/plugins/ogp-image-generator/includes/generate.php:0
[07-Dec-2022 02:21:03 UTC] PHP   2. imagedestroy() /Users/ryomaarimura/Local Sites/practicearimuraryomacom/app/public/wp-content/plugins/ogp-image-generator/includes/generate.php:41
[07-Dec-2022 02:23:24 UTC] PHP Warning:  imagecolorallocate() expects parameter 1 to be resource, string given in /Users/ryomaarimura/Local Sites/practicearimuraryomacom/app/public/wp-content/plugins/ogp-image-generator/includes/generate.php on line 20
[07-Dec-2022 02:23:24 UTC] PHP Stack trace:
[07-Dec-2022 02:23:24 UTC] PHP   1. {main}() /Users/ryomaarimura/Local Sites/practicearimuraryomacom/app/public/wp-content/plugins/ogp-image-generator/includes/generate.php:0
[07-Dec-2022 02:23:24 UTC] PHP   2. imagecolorallocate() /Users/ryomaarimura/Local Sites/practicearimuraryomacom/app/public/wp-content/plugins/ogp-image-generator/includes/generate.php:20
[07-Dec-2022 02:23:24 UTC] PHP Warning:  imagefttext() expects parameter 1 to be resource, string given in /Users/ryomaarimura/Local Sites/practicearimuraryomacom/app/public/wp-content/plugins/ogp-image-generator/includes/generate.php on line 38
[07-Dec-2022 02:23:24 UTC] PHP Stack trace:
[07-Dec-2022 02:23:24 UTC] PHP   1. {main}() /Users/ryomaarimura/Local Sites/practicearimuraryomacom/app/public/wp-content/plugins/ogp-image-generator/includes/generate.php:0
[07-Dec-2022 02:23:24 UTC] PHP   2. imagefttext() /Users/ryomaarimura/Local Sites/practicearimuraryomacom/app/public/wp-content/plugins/ogp-image-generator/includes/generate.php:38
[07-Dec-2022 02:23:24 UTC] PHP Warning:  imagepng() expects parameter 1 to be resource, string given in /Users/ryomaarimura/Local Sites/practicearimuraryomacom/app/public/wp-content/plugins/ogp-image-generator/includes/generate.php on line 41
[07-Dec-2022 02:23:24 UTC] PHP Stack trace:
[07-Dec-2022 02:23:24 UTC] PHP   1. {main}() /Users/ryomaarimura/Local Sites/practicearimuraryomacom/app/public/wp-content/plugins/ogp-image-generator/includes/generate.php:0
[07-Dec-2022 02:23:24 UTC] PHP   2. imagepng() /Users/ryomaarimura/Local Sites/practicearimuraryomacom/app/public/wp-content/plugins/ogp-image-generator/includes/generate.php:41
[07-Dec-2022 02:23:24 UTC] PHP Warning:  imagedestroy() expects parameter 1 to be resource, string given in /Users/ryomaarimura/Local Sites/practicearimuraryomacom/app/public/wp-content/plugins/ogp-image-generator/includes/generate.php on line 42
[07-Dec-2022 02:23:24 UTC] PHP Stack trace:
[07-Dec-2022 02:23:24 UTC] PHP   1. {main}() /Users/ryomaarimura/Local Sites/practicearimuraryomacom/app/public/wp-content/plugins/ogp-image-generator/includes/generate.php:0
[07-Dec-2022 02:23:24 UTC] PHP   2. imagedestroy() /Users/ryomaarimura/Local Sites/practicearimuraryomacom/app/public/wp-content/plugins/ogp-image-generator/includes/generate.php:42
[07-Dec-2022 02:23:25 UTC] PHP Warning:  imagecolorallocate() expects parameter 1 to be resource, string given in /Users/ryomaarimura/Local Sites/practicearimuraryomacom/app/public/wp-content/plugins/ogp-image-generator/includes/generate.php on line 20
[07-Dec-2022 02:23:25 UTC] PHP Stack trace:
[07-Dec-2022 02:23:25 UTC] PHP   1. {main}() /Users/ryomaarimura/Local Sites/practicearimuraryomacom/app/public/wp-content/plugins/ogp-image-generator/includes/generate.php:0
[07-Dec-2022 02:23:25 UTC] PHP   2. imagecolorallocate() /Users/ryomaarimura/Local Sites/practicearimuraryomacom/app/public/wp-content/plugins/ogp-image-generator/includes/generate.php:20
[07-Dec-2022 02:23:25 UTC] PHP Warning:  imagefttext() expects parameter 1 to be resource, string given in /Users/ryomaarimura/Local Sites/practicearimuraryomacom/app/public/wp-content/plugins/ogp-image-generator/includes/generate.php on line 38
[07-Dec-2022 02:23:25 UTC] PHP Stack trace:
[07-Dec-2022 02:23:25 UTC] PHP   1. {main}() /Users/ryomaarimura/Local Sites/practicearimuraryomacom/app/public/wp-content/plugins/ogp-image-generator/includes/generate.php:0
[07-Dec-2022 02:23:25 UTC] PHP   2. imagefttext() /Users/ryomaarimura/Local Sites/practicearimuraryomacom/app/public/wp-content/plugins/ogp-image-generator/includes/generate.php:38
[07-Dec-2022 02:23:25 UTC] PHP Warning:  imagepng() expects parameter 1 to be resource, string given in /Users/ryomaarimura/Local Sites/practicearimuraryomacom/app/public/wp-content/plugins/ogp-image-generator/includes/generate.php on line 41
[07-Dec-2022 02:23:25 UTC] PHP Stack trace:
[07-Dec-2022 02:23:25 UTC] PHP   1. {main}() /Users/ryomaarimura/Local Sites/practicearimuraryomacom/app/public/wp-content/plugins/ogp-image-generator/includes/generate.php:0
[07-Dec-2022 02:23:25 UTC] PHP   2. imagepng() /Users/ryomaarimura/Local Sites/practicearimuraryomacom/app/public/wp-content/plugins/ogp-image-generator/includes/generate.php:41
[07-Dec-2022 02:23:25 UTC] PHP Warning:  imagedestroy() expects parameter 1 to be resource, string given in /Users/ryomaarimura/Local Sites/practicearimuraryomacom/app/public/wp-content/plugins/ogp-image-generator/includes/generate.php on line 42
[07-Dec-2022 02:23:25 UTC] PHP Stack trace:
[07-Dec-2022 02:23:25 UTC] PHP   1. {main}() /Users/ryomaarimura/Local Sites/practicearimuraryomacom/app/public/wp-content/plugins/ogp-image-generator/includes/generate.php:0
[07-Dec-2022 02:23:25 UTC] PHP   2. imagedestroy() /Users/ryomaarimura/Local Sites/practicearimuraryomacom/app/public/wp-content/plugins/ogp-image-generator/includes/generate.php:42
[07-Dec-2022 02:26:34 UTC] PHP Warning:  imagecolorallocate() expects parameter 1 to be resource, string given in /Users/ryomaarimura/Local Sites/practicearimuraryomacom/app/public/wp-content/plugins/ogp-image-generator/includes/generate.php on line 23
[07-Dec-2022 02:26:34 UTC] PHP Stack trace:
[07-Dec-2022 02:26:34 UTC] PHP   1. {main}() /Users/ryomaarimura/Local Sites/practicearimuraryomacom/app/public/wp-content/plugins/ogp-image-generator/includes/generate.php:0
[07-Dec-2022 02:26:34 UTC] PHP   2. imagecolorallocate() /Users/ryomaarimura/Local Sites/practicearimuraryomacom/app/public/wp-content/plugins/ogp-image-generator/includes/generate.php:23
[07-Dec-2022 02:26:34 UTC] PHP Warning:  imagefttext() expects parameter 1 to be resource, string given in /Users/ryomaarimura/Local Sites/practicearimuraryomacom/app/public/wp-content/plugins/ogp-image-generator/includes/generate.php on line 41
[07-Dec-2022 02:26:34 UTC] PHP Stack trace:
[07-Dec-2022 02:26:34 UTC] PHP   1. {main}() /Users/ryomaarimura/Local Sites/practicearimuraryomacom/app/public/wp-content/plugins/ogp-image-generator/includes/generate.php:0
[07-Dec-2022 02:26:34 UTC] PHP   2. imagefttext() /Users/ryomaarimura/Local Sites/practicearimuraryomacom/app/public/wp-content/plugins/ogp-image-generator/includes/generate.php:41
[07-Dec-2022 02:26:34 UTC] PHP Warning:  imagepng() expects parameter 1 to be resource, string given in /Users/ryomaarimura/Local Sites/practicearimuraryomacom/app/public/wp-content/plugins/ogp-image-generator/includes/generate.php on line 44
[07-Dec-2022 02:26:34 UTC] PHP Stack trace:
[07-Dec-2022 02:26:34 UTC] PHP   1. {main}() /Users/ryomaarimura/Local Sites/practicearimuraryomacom/app/public/wp-content/plugins/ogp-image-generator/includes/generate.php:0
[07-Dec-2022 02:26:34 UTC] PHP   2. imagepng() /Users/ryomaarimura/Local Sites/practicearimuraryomacom/app/public/wp-content/plugins/ogp-image-generator/includes/generate.php:44
[07-Dec-2022 02:26:34 UTC] PHP Warning:  imagedestroy() expects parameter 1 to be resource, string given in /Users/ryomaarimura/Local Sites/practicearimuraryomacom/app/public/wp-content/plugins/ogp-image-generator/includes/generate.php on line 45
[07-Dec-2022 02:26:34 UTC] PHP Stack trace:
[07-Dec-2022 02:26:34 UTC] PHP   1. {main}() /Users/ryomaarimura/Local Sites/practicearimuraryomacom/app/public/wp-content/plugins/ogp-image-generator/includes/generate.php:0
[07-Dec-2022 02:26:34 UTC] PHP   2. imagedestroy() /Users/ryomaarimura/Local Sites/practicearimuraryomacom/app/public/wp-content/plugins/ogp-image-generator/includes/generate.php:45
[07-Dec-2022 02:26:35 UTC] PHP Warning:  imagecolorallocate() expects parameter 1 to be resource, string given in /Users/ryomaarimura/Local Sites/practicearimuraryomacom/app/public/wp-content/plugins/ogp-image-generator/includes/generate.php on line 23
[07-Dec-2022 02:26:35 UTC] PHP Stack trace:
[07-Dec-2022 02:26:35 UTC] PHP   1. {main}() /Users/ryomaarimura/Local Sites/practicearimuraryomacom/app/public/wp-content/plugins/ogp-image-generator/includes/generate.php:0
[07-Dec-2022 02:26:35 UTC] PHP   2. imagecolorallocate() /Users/ryomaarimura/Local Sites/practicearimuraryomacom/app/public/wp-content/plugins/ogp-image-generator/includes/generate.php:23
[07-Dec-2022 02:26:35 UTC] PHP Warning:  imagefttext() expects parameter 1 to be resource, string given in /Users/ryomaarimura/Local Sites/practicearimuraryomacom/app/public/wp-content/plugins/ogp-image-generator/includes/generate.php on line 41
[07-Dec-2022 02:26:35 UTC] PHP Stack trace:
[07-Dec-2022 02:26:35 UTC] PHP   1. {main}() /Users/ryomaarimura/Local Sites/practicearimuraryomacom/app/public/wp-content/plugins/ogp-image-generator/includes/generate.php:0
[07-Dec-2022 02:26:35 UTC] PHP   2. imagefttext() /Users/ryomaarimura/Local Sites/practicearimuraryomacom/app/public/wp-content/plugins/ogp-image-generator/includes/generate.php:41
[07-Dec-2022 02:26:35 UTC] PHP Warning:  imagepng() expects parameter 1 to be resource, string given in /Users/ryomaarimura/Local Sites/practicearimuraryomacom/app/public/wp-content/plugins/ogp-image-generator/includes/generate.php on line 44
[07-Dec-2022 02:26:35 UTC] PHP Stack trace:
[07-Dec-2022 02:26:35 UTC] PHP   1. {main}() /Users/ryomaarimura/Local Sites/practicearimuraryomacom/app/public/wp-content/plugins/ogp-image-generator/includes/generate.php:0
[07-Dec-2022 02:26:35 UTC] PHP   2. imagepng() /Users/ryomaarimura/Local Sites/practicearimuraryomacom/app/public/wp-content/plugins/ogp-image-generator/includes/generate.php:44
[07-Dec-2022 02:26:35 UTC] PHP Warning:  imagedestroy() expects parameter 1 to be resource, string given in /Users/ryomaarimura/Local Sites/practicearimuraryomacom/app/public/wp-content/plugins/ogp-image-generator/includes/generate.php on line 45
[07-Dec-2022 02:26:35 UTC] PHP Stack trace:
[07-Dec-2022 02:26:35 UTC] PHP   1. {main}() /Users/ryomaarimura/Local Sites/practicearimuraryomacom/app/public/wp-content/plugins/ogp-image-generator/includes/generate.php:0
[07-Dec-2022 02:26:35 UTC] PHP   2. imagedestroy() /Users/ryomaarimura/Local Sites/practicearimuraryomacom/app/public/wp-content/plugins/ogp-image-generator/includes/generate.php:45
[07-Dec-2022 02:30:07 UTC] PHP Warning:  imagecolorallocate() expects parameter 1 to be resource, string given in /Users/ryomaarimura/Local Sites/practicearimuraryomacom/app/public/wp-content/plugins/ogp-image-generator/includes/generate.php on line 24
[07-Dec-2022 02:30:07 UTC] PHP Stack trace:
[07-Dec-2022 02:30:07 UTC] PHP   1. {main}() /Users/ryomaarimura/Local Sites/practicearimuraryomacom/app/public/wp-content/plugins/ogp-image-generator/includes/generate.php:0
[07-Dec-2022 02:30:07 UTC] PHP   2. imagecolorallocate() /Users/ryomaarimura/Local Sites/practicearimuraryomacom/app/public/wp-content/plugins/ogp-image-generator/includes/generate.php:24
[07-Dec-2022 02:30:07 UTC] PHP Warning:  imagefttext() expects parameter 1 to be resource, string given in /Users/ryomaarimura/Local Sites/practicearimuraryomacom/app/public/wp-content/plugins/ogp-image-generator/includes/generate.php on line 42
[07-Dec-2022 02:30:07 UTC] PHP Stack trace:
[07-Dec-2022 02:30:07 UTC] PHP   1. {main}() /Users/ryomaarimura/Local Sites/practicearimuraryomacom/app/public/wp-content/plugins/ogp-image-generator/includes/generate.php:0
[07-Dec-2022 02:30:07 UTC] PHP   2. imagefttext() /Users/ryomaarimura/Local Sites/practicearimuraryomacom/app/public/wp-content/plugins/ogp-image-generator/includes/generate.php:42
[07-Dec-2022 02:30:07 UTC] PHP Warning:  imagepng() expects parameter 1 to be resource, string given in /Users/ryomaarimura/Local Sites/practicearimuraryomacom/app/public/wp-content/plugins/ogp-image-generator/includes/generate.php on line 45
[07-Dec-2022 02:30:07 UTC] PHP Stack trace:
[07-Dec-2022 02:30:07 UTC] PHP   1. {main}() /Users/ryomaarimura/Local Sites/practicearimuraryomacom/app/public/wp-content/plugins/ogp-image-generator/includes/generate.php:0
[07-Dec-2022 02:30:07 UTC] PHP   2. imagepng() /Users/ryomaarimura/Local Sites/practicearimuraryomacom/app/public/wp-content/plugins/ogp-image-generator/includes/generate.php:45
[07-Dec-2022 02:30:07 UTC] PHP Warning:  imagedestroy() expects parameter 1 to be resource, string given in /Users/ryomaarimura/Local Sites/practicearimuraryomacom/app/public/wp-content/plugins/ogp-image-generator/includes/generate.php on line 46
[07-Dec-2022 02:30:07 UTC] PHP Stack trace:
[07-Dec-2022 02:30:07 UTC] PHP   1. {main}() /Users/ryomaarimura/Local Sites/practicearimuraryomacom/app/public/wp-content/plugins/ogp-image-generator/includes/generate.php:0
[07-Dec-2022 02:30:07 UTC] PHP   2. imagedestroy() /Users/ryomaarimura/Local Sites/practicearimuraryomacom/app/public/wp-content/plugins/ogp-image-generator/includes/generate.php:46
[07-Dec-2022 02:30:07 UTC] PHP Warning:  imagecolorallocate() expects parameter 1 to be resource, string given in /Users/ryomaarimura/Local Sites/practicearimuraryomacom/app/public/wp-content/plugins/ogp-image-generator/includes/generate.php on line 24
[07-Dec-2022 02:30:07 UTC] PHP Stack trace:
[07-Dec-2022 02:30:07 UTC] PHP   1. {main}() /Users/ryomaarimura/Local Sites/practicearimuraryomacom/app/public/wp-content/plugins/ogp-image-generator/includes/generate.php:0
[07-Dec-2022 02:30:07 UTC] PHP   2. imagecolorallocate() /Users/ryomaarimura/Local Sites/practicearimuraryomacom/app/public/wp-content/plugins/ogp-image-generator/includes/generate.php:24
[07-Dec-2022 02:30:07 UTC] PHP Warning:  imagefttext() expects parameter 1 to be resource, string given in /Users/ryomaarimura/Local Sites/practicearimuraryomacom/app/public/wp-content/plugins/ogp-image-generator/includes/generate.php on line 42
[07-Dec-2022 02:30:07 UTC] PHP Stack trace:
[07-Dec-2022 02:30:07 UTC] PHP   1. {main}() /Users/ryomaarimura/Local Sites/practicearimuraryomacom/app/public/wp-content/plugins/ogp-image-generator/includes/generate.php:0
[07-Dec-2022 02:30:07 UTC] PHP   2. imagefttext() /Users/ryomaarimura/Local Sites/practicearimuraryomacom/app/public/wp-content/plugins/ogp-image-generator/includes/generate.php:42
[07-Dec-2022 02:30:07 UTC] PHP Warning:  imagepng() expects parameter 1 to be resource, string given in /Users/ryomaarimura/Local Sites/practicearimuraryomacom/app/public/wp-content/plugins/ogp-image-generator/includes/generate.php on line 45
[07-Dec-2022 02:30:07 UTC] PHP Stack trace:
[07-Dec-2022 02:30:07 UTC] PHP   1. {main}() /Users/ryomaarimura/Local Sites/practicearimuraryomacom/app/public/wp-content/plugins/ogp-image-generator/includes/generate.php:0
[07-Dec-2022 02:30:07 UTC] PHP   2. imagepng() /Users/ryomaarimura/Local Sites/practicearimuraryomacom/app/public/wp-content/plugins/ogp-image-generator/includes/generate.php:45
[07-Dec-2022 02:30:07 UTC] PHP Warning:  imagedestroy() expects parameter 1 to be resource, string given in /Users/ryomaarimura/Local Sites/practicearimuraryomacom/app/public/wp-content/plugins/ogp-image-generator/includes/generate.php on line 46
[07-Dec-2022 02:30:07 UTC] PHP Stack trace:
[07-Dec-2022 02:30:07 UTC] PHP   1. {main}() /Users/ryomaarimura/Local Sites/practicearimuraryomacom/app/public/wp-content/plugins/ogp-image-generator/includes/generate.php:0
[07-Dec-2022 02:30:07 UTC] PHP   2. imagedestroy() /Users/ryomaarimura/Local Sites/practicearimuraryomacom/app/public/wp-content/plugins/ogp-image-generator/includes/generate.php:46
[07-Dec-2022 02:46:09 UTC] PHP Notice:  Undefined variable: font in /Users/ryomaarimura/Local Sites/practicearimuraryomacom/app/public/wp-content/plugins/ogp-image-generator/includes/generate.php on line 12
[07-Dec-2022 02:46:09 UTC] PHP Stack trace:
[07-Dec-2022 02:46:09 UTC] PHP   1. {main}() /Users/ryomaarimura/Local Sites/practicearimuraryomacom/app/public/wp-content/plugins/ogp-image-generator/includes/generate.php:0
[07-Dec-2022 02:46:09 UTC] PHP Notice:  Undefined variable: font in /Users/ryomaarimura/Local Sites/practicearimuraryomacom/app/public/wp-content/plugins/ogp-image-generator/includes/generate.php on line 13
[07-Dec-2022 02:46:09 UTC] PHP Stack trace:
[07-Dec-2022 02:46:09 UTC] PHP   1. {main}() /Users/ryomaarimura/Local Sites/practicearimuraryomacom/app/public/wp-content/plugins/ogp-image-generator/includes/generate.php:0
[07-Dec-2022 02:46:09 UTC] PHP Warning:  imagettfbbox(): Could not read font in /Users/ryomaarimura/Local Sites/practicearimuraryomacom/app/public/wp-content/plugins/ogp-image-generator/includes/generate.php on line 32
[07-Dec-2022 02:46:09 UTC] PHP Stack trace:
[07-Dec-2022 02:46:09 UTC] PHP   1. {main}() /Users/ryomaarimura/Local Sites/practicearimuraryomacom/app/public/wp-content/plugins/ogp-image-generator/includes/generate.php:0
[07-Dec-2022 02:46:09 UTC] PHP   2. imagettfbbox() /Users/ryomaarimura/Local Sites/practicearimuraryomacom/app/public/wp-content/plugins/ogp-image-generator/includes/generate.php:32
[07-Dec-2022 02:46:09 UTC] PHP Notice:  Trying to access array offset on value of type bool in /Users/ryomaarimura/Local Sites/practicearimuraryomacom/app/public/wp-content/plugins/ogp-image-generator/includes/generate.php on line 33
[07-Dec-2022 02:46:09 UTC] PHP Stack trace:
[07-Dec-2022 02:46:09 UTC] PHP   1. {main}() /Users/ryomaarimura/Local Sites/practicearimuraryomacom/app/public/wp-content/plugins/ogp-image-generator/includes/generate.php:0
[07-Dec-2022 02:46:09 UTC] PHP Notice:  Trying to access array offset on value of type bool in /Users/ryomaarimura/Local Sites/practicearimuraryomacom/app/public/wp-content/plugins/ogp-image-generator/includes/generate.php on line 34
[07-Dec-2022 02:46:09 UTC] PHP Stack trace:
[07-Dec-2022 02:46:09 UTC] PHP   1. {main}() /Users/ryomaarimura/Local Sites/practicearimuraryomacom/app/public/wp-content/plugins/ogp-image-generator/includes/generate.php:0
[07-Dec-2022 02:46:09 UTC] PHP Notice:  Trying to access array offset on value of type bool in /Users/ryomaarimura/Local Sites/practicearimuraryomacom/app/public/wp-content/plugins/ogp-image-generator/includes/generate.php on line 36
[07-Dec-2022 02:46:09 UTC] PHP Stack trace:
[07-Dec-2022 02:46:09 UTC] PHP   1. {main}() /Users/ryomaarimura/Local Sites/practicearimuraryomacom/app/public/wp-content/plugins/ogp-image-generator/includes/generate.php:0
[07-Dec-2022 02:46:09 UTC] PHP Notice:  Trying to access array offset on value of type bool in /Users/ryomaarimura/Local Sites/practicearimuraryomacom/app/public/wp-content/plugins/ogp-image-generator/includes/generate.php on line 37
[07-Dec-2022 02:46:09 UTC] PHP Stack trace:
[07-Dec-2022 02:46:09 UTC] PHP   1. {main}() /Users/ryomaarimura/Local Sites/practicearimuraryomacom/app/public/wp-content/plugins/ogp-image-generator/includes/generate.php:0
[07-Dec-2022 02:46:09 UTC] PHP Warning:  imagefttext(): Could not read font in /Users/ryomaarimura/Local Sites/practicearimuraryomacom/app/public/wp-content/plugins/ogp-image-generator/includes/generate.php on line 43
[07-Dec-2022 02:46:09 UTC] PHP Stack trace:
[07-Dec-2022 02:46:09 UTC] PHP   1. {main}() /Users/ryomaarimura/Local Sites/practicearimuraryomacom/app/public/wp-content/plugins/ogp-image-generator/includes/generate.php:0
[07-Dec-2022 02:46:09 UTC] PHP   2. imagefttext() /Users/ryomaarimura/Local Sites/practicearimuraryomacom/app/public/wp-content/plugins/ogp-image-generator/includes/generate.php:43
[07-Dec-2022 02:46:10 UTC] PHP Notice:  Undefined variable: font in /Users/ryomaarimura/Local Sites/practicearimuraryomacom/app/public/wp-content/plugins/ogp-image-generator/includes/generate.php on line 12
[07-Dec-2022 02:46:10 UTC] PHP Stack trace:
[07-Dec-2022 02:46:10 UTC] PHP   1. {main}() /Users/ryomaarimura/Local Sites/practicearimuraryomacom/app/public/wp-content/plugins/ogp-image-generator/includes/generate.php:0
[07-Dec-2022 02:46:10 UTC] PHP Notice:  Undefined variable: font in /Users/ryomaarimura/Local Sites/practicearimuraryomacom/app/public/wp-content/plugins/ogp-image-generator/includes/generate.php on line 13
[07-Dec-2022 02:46:10 UTC] PHP Stack trace:
[07-Dec-2022 02:46:10 UTC] PHP   1. {main}() /Users/ryomaarimura/Local Sites/practicearimuraryomacom/app/public/wp-content/plugins/ogp-image-generator/includes/generate.php:0
[07-Dec-2022 02:46:10 UTC] PHP Warning:  imagettfbbox(): Could not read font in /Users/ryomaarimura/Local Sites/practicearimuraryomacom/app/public/wp-content/plugins/ogp-image-generator/includes/generate.php on line 32
[07-Dec-2022 02:46:10 UTC] PHP Stack trace:
[07-Dec-2022 02:46:10 UTC] PHP   1. {main}() /Users/ryomaarimura/Local Sites/practicearimuraryomacom/app/public/wp-content/plugins/ogp-image-generator/includes/generate.php:0
[07-Dec-2022 02:46:10 UTC] PHP   2. imagettfbbox() /Users/ryomaarimura/Local Sites/practicearimuraryomacom/app/public/wp-content/plugins/ogp-image-generator/includes/generate.php:32
[07-Dec-2022 02:46:10 UTC] PHP Notice:  Trying to access array offset on value of type bool in /Users/ryomaarimura/Local Sites/practicearimuraryomacom/app/public/wp-content/plugins/ogp-image-generator/includes/generate.php on line 33
[07-Dec-2022 02:46:10 UTC] PHP Stack trace:
[07-Dec-2022 02:46:10 UTC] PHP   1. {main}() /Users/ryomaarimura/Local Sites/practicearimuraryomacom/app/public/wp-content/plugins/ogp-image-generator/includes/generate.php:0
[07-Dec-2022 02:46:10 UTC] PHP Notice:  Trying to access array offset on value of type bool in /Users/ryomaarimura/Local Sites/practicearimuraryomacom/app/public/wp-content/plugins/ogp-image-generator/includes/generate.php on line 34
[07-Dec-2022 02:46:10 UTC] PHP Stack trace:
[07-Dec-2022 02:46:10 UTC] PHP   1. {main}() /Users/ryomaarimura/Local Sites/practicearimuraryomacom/app/public/wp-content/plugins/ogp-image-generator/includes/generate.php:0
[07-Dec-2022 02:46:10 UTC] PHP Notice:  Trying to access array offset on value of type bool in /Users/ryomaarimura/Local Sites/practicearimuraryomacom/app/public/wp-content/plugins/ogp-image-generator/includes/generate.php on line 36
[07-Dec-2022 02:46:10 UTC] PHP Stack trace:
[07-Dec-2022 02:46:10 UTC] PHP   1. {main}() /Users/ryomaarimura/Local Sites/practicearimuraryomacom/app/public/wp-content/plugins/ogp-image-generator/includes/generate.php:0
[07-Dec-2022 02:46:10 UTC] PHP Notice:  Trying to access array offset on value of type bool in /Users/ryomaarimura/Local Sites/practicearimuraryomacom/app/public/wp-content/plugins/ogp-image-generator/includes/generate.php on line 37
[07-Dec-2022 02:46:10 UTC] PHP Stack trace:
[07-Dec-2022 02:46:10 UTC] PHP   1. {main}() /Users/ryomaarimura/Local Sites/practicearimuraryomacom/app/public/wp-content/plugins/ogp-image-generator/includes/generate.php:0
[07-Dec-2022 02:46:10 UTC] PHP Warning:  imagefttext(): Could not read font in /Users/ryomaarimura/Local Sites/practicearimuraryomacom/app/public/wp-content/plugins/ogp-image-generator/includes/generate.php on line 43
[07-Dec-2022 02:46:10 UTC] PHP Stack trace:
[07-Dec-2022 02:46:10 UTC] PHP   1. {main}() /Users/ryomaarimura/Local Sites/practicearimuraryomacom/app/public/wp-content/plugins/ogp-image-generator/includes/generate.php:0
[07-Dec-2022 02:46:10 UTC] PHP   2. imagefttext() /Users/ryomaarimura/Local Sites/practicearimuraryomacom/app/public/wp-content/plugins/ogp-image-generator/includes/generate.php:43
[07-Dec-2022 02:46:14 UTC] PHP Notice:  Undefined variable: font in /Users/ryomaarimura/Local Sites/practicearimuraryomacom/app/public/wp-content/plugins/ogp-image-generator/includes/generate.php on line 12
[07-Dec-2022 02:46:14 UTC] PHP Stack trace:
[07-Dec-2022 02:46:14 UTC] PHP   1. {main}() /Users/ryomaarimura/Local Sites/practicearimuraryomacom/app/public/wp-content/plugins/ogp-image-generator/includes/generate.php:0
[07-Dec-2022 02:46:14 UTC] PHP Notice:  Undefined variable: font in /Users/ryomaarimura/Local Sites/practicearimuraryomacom/app/public/wp-content/plugins/ogp-image-generator/includes/generate.php on line 13
[07-Dec-2022 02:46:14 UTC] PHP Stack trace:
[07-Dec-2022 02:46:14 UTC] PHP   1. {main}() /Users/ryomaarimura/Local Sites/practicearimuraryomacom/app/public/wp-content/plugins/ogp-image-generator/includes/generate.php:0
[07-Dec-2022 02:46:14 UTC] PHP Warning:  imagettfbbox(): Could not read font in /Users/ryomaarimura/Local Sites/practicearimuraryomacom/app/public/wp-content/plugins/ogp-image-generator/includes/generate.php on line 32
[07-Dec-2022 02:46:14 UTC] PHP Stack trace:
[07-Dec-2022 02:46:14 UTC] PHP   1. {main}() /Users/ryomaarimura/Local Sites/practicearimuraryomacom/app/public/wp-content/plugins/ogp-image-generator/includes/generate.php:0
[07-Dec-2022 02:46:14 UTC] PHP   2. imagettfbbox() /Users/ryomaarimura/Local Sites/practicearimuraryomacom/app/public/wp-content/plugins/ogp-image-generator/includes/generate.php:32
[07-Dec-2022 02:46:14 UTC] PHP Notice:  Trying to access array offset on value of type bool in /Users/ryomaarimura/Local Sites/practicearimuraryomacom/app/public/wp-content/plugins/ogp-image-generator/includes/generate.php on line 33
[07-Dec-2022 02:46:14 UTC] PHP Stack trace:
[07-Dec-2022 02:46:14 UTC] PHP   1. {main}() /Users/ryomaarimura/Local Sites/practicearimuraryomacom/app/public/wp-content/plugins/ogp-image-generator/includes/generate.php:0
[07-Dec-2022 02:46:14 UTC] PHP Notice:  Trying to access array offset on value of type bool in /Users/ryomaarimura/Local Sites/practicearimuraryomacom/app/public/wp-content/plugins/ogp-image-generator/includes/generate.php on line 34
[07-Dec-2022 02:46:14 UTC] PHP Stack trace:
[07-Dec-2022 02:46:14 UTC] PHP   1. {main}() /Users/ryomaarimura/Local Sites/practicearimuraryomacom/app/public/wp-content/plugins/ogp-image-generator/includes/generate.php:0
[07-Dec-2022 02:46:14 UTC] PHP Notice:  Trying to access array offset on value of type bool in /Users/ryomaarimura/Local Sites/practicearimuraryomacom/app/public/wp-content/plugins/ogp-image-generator/includes/generate.php on line 36
[07-Dec-2022 02:46:14 UTC] PHP Stack trace:
[07-Dec-2022 02:46:14 UTC] PHP   1. {main}() /Users/ryomaarimura/Local Sites/practicearimuraryomacom/app/public/wp-content/plugins/ogp-image-generator/includes/generate.php:0
[07-Dec-2022 02:46:14 UTC] PHP Notice:  Trying to access array offset on value of type bool in /Users/ryomaarimura/Local Sites/practicearimuraryomacom/app/public/wp-content/plugins/ogp-image-generator/includes/generate.php on line 37
[07-Dec-2022 02:46:14 UTC] PHP Stack trace:
[07-Dec-2022 02:46:14 UTC] PHP   1. {main}() /Users/ryomaarimura/Local Sites/practicearimuraryomacom/app/public/wp-content/plugins/ogp-image-generator/includes/generate.php:0
[07-Dec-2022 02:46:14 UTC] PHP Warning:  imagefttext(): Could not read font in /Users/ryomaarimura/Local Sites/practicearimuraryomacom/app/public/wp-content/plugins/ogp-image-generator/includes/generate.php on line 43
[07-Dec-2022 02:46:14 UTC] PHP Stack trace:
[07-Dec-2022 02:46:14 UTC] PHP   1. {main}() /Users/ryomaarimura/Local Sites/practicearimuraryomacom/app/public/wp-content/plugins/ogp-image-generator/includes/generate.php:0
[07-Dec-2022 02:46:14 UTC] PHP   2. imagefttext() /Users/ryomaarimura/Local Sites/practicearimuraryomacom/app/public/wp-content/plugins/ogp-image-generator/includes/generate.php:43
[07-Dec-2022 02:46:15 UTC] PHP Notice:  Undefined variable: font in /Users/ryomaarimura/Local Sites/practicearimuraryomacom/app/public/wp-content/plugins/ogp-image-generator/includes/generate.php on line 12
[07-Dec-2022 02:46:15 UTC] PHP Stack trace:
[07-Dec-2022 02:46:15 UTC] PHP   1. {main}() /Users/ryomaarimura/Local Sites/practicearimuraryomacom/app/public/wp-content/plugins/ogp-image-generator/includes/generate.php:0
[07-Dec-2022 02:46:15 UTC] PHP Notice:  Undefined variable: font in /Users/ryomaarimura/Local Sites/practicearimuraryomacom/app/public/wp-content/plugins/ogp-image-generator/includes/generate.php on line 13
[07-Dec-2022 02:46:15 UTC] PHP Stack trace:
[07-Dec-2022 02:46:15 UTC] PHP   1. {main}() /Users/ryomaarimura/Local Sites/practicearimuraryomacom/app/public/wp-content/plugins/ogp-image-generator/includes/generate.php:0
[07-Dec-2022 02:46:15 UTC] PHP Warning:  imagettfbbox(): Could not read font in /Users/ryomaarimura/Local Sites/practicearimuraryomacom/app/public/wp-content/plugins/ogp-image-generator/includes/generate.php on line 32
[07-Dec-2022 02:46:15 UTC] PHP Stack trace:
[07-Dec-2022 02:46:15 UTC] PHP   1. {main}() /Users/ryomaarimura/Local Sites/practicearimuraryomacom/app/public/wp-content/plugins/ogp-image-generator/includes/generate.php:0
[07-Dec-2022 02:46:15 UTC] PHP   2. imagettfbbox() /Users/ryomaarimura/Local Sites/practicearimuraryomacom/app/public/wp-content/plugins/ogp-image-generator/includes/generate.php:32
[07-Dec-2022 02:46:15 UTC] PHP Notice:  Trying to access array offset on value of type bool in /Users/ryomaarimura/Local Sites/practicearimuraryomacom/app/public/wp-content/plugins/ogp-image-generator/includes/generate.php on line 33
[07-Dec-2022 02:46:15 UTC] PHP Stack trace:
[07-Dec-2022 02:46:15 UTC] PHP   1. {main}() /Users/ryomaarimura/Local Sites/practicearimuraryomacom/app/public/wp-content/plugins/ogp-image-generator/includes/generate.php:0
[07-Dec-2022 02:46:15 UTC] PHP Notice:  Trying to access array offset on value of type bool in /Users/ryomaarimura/Local Sites/practicearimuraryomacom/app/public/wp-content/plugins/ogp-image-generator/includes/generate.php on line 34
[07-Dec-2022 02:46:15 UTC] PHP Stack trace:
[07-Dec-2022 02:46:15 UTC] PHP   1. {main}() /Users/ryomaarimura/Local Sites/practicearimuraryomacom/app/public/wp-content/plugins/ogp-image-generator/includes/generate.php:0
[07-Dec-2022 02:46:15 UTC] PHP Notice:  Trying to access array offset on value of type bool in /Users/ryomaarimura/Local Sites/practicearimuraryomacom/app/public/wp-content/plugins/ogp-image-generator/includes/generate.php on line 36
[07-Dec-2022 02:46:15 UTC] PHP Stack trace:
[07-Dec-2022 02:46:15 UTC] PHP   1. {main}() /Users/ryomaarimura/Local Sites/practicearimuraryomacom/app/public/wp-content/plugins/ogp-image-generator/includes/generate.php:0
[07-Dec-2022 02:46:15 UTC] PHP Notice:  Trying to access array offset on value of type bool in /Users/ryomaarimura/Local Sites/practicearimuraryomacom/app/public/wp-content/plugins/ogp-image-generator/includes/generate.php on line 37
[07-Dec-2022 02:46:15 UTC] PHP Stack trace:
[07-Dec-2022 02:46:15 UTC] PHP   1. {main}() /Users/ryomaarimura/Local Sites/practicearimuraryomacom/app/public/wp-content/plugins/ogp-image-generator/includes/generate.php:0
[07-Dec-2022 02:46:15 UTC] PHP Warning:  imagefttext(): Could not read font in /Users/ryomaarimura/Local Sites/practicearimuraryomacom/app/public/wp-content/plugins/ogp-image-generator/includes/generate.php on line 43
[07-Dec-2022 02:46:15 UTC] PHP Stack trace:
[07-Dec-2022 02:46:15 UTC] PHP   1. {main}() /Users/ryomaarimura/Local Sites/practicearimuraryomacom/app/public/wp-content/plugins/ogp-image-generator/includes/generate.php:0
[07-Dec-2022 02:46:15 UTC] PHP   2. imagefttext() /Users/ryomaarimura/Local Sites/practicearimuraryomacom/app/public/wp-content/plugins/ogp-image-generator/includes/generate.php:43
[07-Dec-2022 02:47:15 UTC] PHP Notice:  Undefined variable: font in /Users/ryomaarimura/Local Sites/practicearimuraryomacom/app/public/wp-content/plugins/ogp-image-generator/includes/generate.php on line 13
[07-Dec-2022 02:47:15 UTC] PHP Stack trace:
[07-Dec-2022 02:47:15 UTC] PHP   1. {main}() /Users/ryomaarimura/Local Sites/practicearimuraryomacom/app/public/wp-content/plugins/ogp-image-generator/includes/generate.php:0
[07-Dec-2022 02:47:15 UTC] PHP Warning:  imagettfbbox(): Could not read font in /Users/ryomaarimura/Local Sites/practicearimuraryomacom/app/public/wp-content/plugins/ogp-image-generator/includes/generate.php on line 32
[07-Dec-2022 02:47:15 UTC] PHP Stack trace:
[07-Dec-2022 02:47:15 UTC] PHP   1. {main}() /Users/ryomaarimura/Local Sites/practicearimuraryomacom/app/public/wp-content/plugins/ogp-image-generator/includes/generate.php:0
[07-Dec-2022 02:47:15 UTC] PHP   2. imagettfbbox() /Users/ryomaarimura/Local Sites/practicearimuraryomacom/app/public/wp-content/plugins/ogp-image-generator/includes/generate.php:32
[07-Dec-2022 02:47:15 UTC] PHP Notice:  Trying to access array offset on value of type bool in /Users/ryomaarimura/Local Sites/practicearimuraryomacom/app/public/wp-content/plugins/ogp-image-generator/includes/generate.php on line 33
[07-Dec-2022 02:47:15 UTC] PHP Stack trace:
[07-Dec-2022 02:47:15 UTC] PHP   1. {main}() /Users/ryomaarimura/Local Sites/practicearimuraryomacom/app/public/wp-content/plugins/ogp-image-generator/includes/generate.php:0
[07-Dec-2022 02:47:15 UTC] PHP Notice:  Trying to access array offset on value of type bool in /Users/ryomaarimura/Local Sites/practicearimuraryomacom/app/public/wp-content/plugins/ogp-image-generator/includes/generate.php on line 34
[07-Dec-2022 02:47:15 UTC] PHP Stack trace:
[07-Dec-2022 02:47:15 UTC] PHP   1. {main}() /Users/ryomaarimura/Local Sites/practicearimuraryomacom/app/public/wp-content/plugins/ogp-image-generator/includes/generate.php:0
[07-Dec-2022 02:47:15 UTC] PHP Notice:  Trying to access array offset on value of type bool in /Users/ryomaarimura/Local Sites/practicearimuraryomacom/app/public/wp-content/plugins/ogp-image-generator/includes/generate.php on line 36
[07-Dec-2022 02:47:15 UTC] PHP Stack trace:
[07-Dec-2022 02:47:15 UTC] PHP   1. {main}() /Users/ryomaarimura/Local Sites/practicearimuraryomacom/app/public/wp-content/plugins/ogp-image-generator/includes/generate.php:0
[07-Dec-2022 02:47:15 UTC] PHP Notice:  Trying to access array offset on value of type bool in /Users/ryomaarimura/Local Sites/practicearimuraryomacom/app/public/wp-content/plugins/ogp-image-generator/includes/generate.php on line 37
[07-Dec-2022 02:47:15 UTC] PHP Stack trace:
[07-Dec-2022 02:47:15 UTC] PHP   1. {main}() /Users/ryomaarimura/Local Sites/practicearimuraryomacom/app/public/wp-content/plugins/ogp-image-generator/includes/generate.php:0
[07-Dec-2022 02:47:15 UTC] PHP Warning:  imagefttext(): Could not read font in /Users/ryomaarimura/Local Sites/practicearimuraryomacom/app/public/wp-content/plugins/ogp-image-generator/includes/generate.php on line 43
[07-Dec-2022 02:47:15 UTC] PHP Stack trace:
[07-Dec-2022 02:47:15 UTC] PHP   1. {main}() /Users/ryomaarimura/Local Sites/practicearimuraryomacom/app/public/wp-content/plugins/ogp-image-generator/includes/generate.php:0
[07-Dec-2022 02:47:15 UTC] PHP   2. imagefttext() /Users/ryomaarimura/Local Sites/practicearimuraryomacom/app/public/wp-content/plugins/ogp-image-generator/includes/generate.php:43
[07-Dec-2022 02:47:16 UTC] PHP Notice:  Undefined variable: font in /Users/ryomaarimura/Local Sites/practicearimuraryomacom/app/public/wp-content/plugins/ogp-image-generator/includes/generate.php on line 13
[07-Dec-2022 02:47:16 UTC] PHP Stack trace:
[07-Dec-2022 02:47:16 UTC] PHP   1. {main}() /Users/ryomaarimura/Local Sites/practicearimuraryomacom/app/public/wp-content/plugins/ogp-image-generator/includes/generate.php:0
[07-Dec-2022 02:47:16 UTC] PHP Warning:  imagettfbbox(): Could not read font in /Users/ryomaarimura/Local Sites/practicearimuraryomacom/app/public/wp-content/plugins/ogp-image-generator/includes/generate.php on line 32
[07-Dec-2022 02:47:16 UTC] PHP Stack trace:
[07-Dec-2022 02:47:16 UTC] PHP   1. {main}() /Users/ryomaarimura/Local Sites/practicearimuraryomacom/app/public/wp-content/plugins/ogp-image-generator/includes/generate.php:0
[07-Dec-2022 02:47:16 UTC] PHP   2. imagettfbbox() /Users/ryomaarimura/Local Sites/practicearimuraryomacom/app/public/wp-content/plugins/ogp-image-generator/includes/generate.php:32
[07-Dec-2022 02:47:16 UTC] PHP Notice:  Trying to access array offset on value of type bool in /Users/ryomaarimura/Local Sites/practicearimuraryomacom/app/public/wp-content/plugins/ogp-image-generator/includes/generate.php on line 33
[07-Dec-2022 02:47:16 UTC] PHP Stack trace:
[07-Dec-2022 02:47:16 UTC] PHP   1. {main}() /Users/ryomaarimura/Local Sites/practicearimuraryomacom/app/public/wp-content/plugins/ogp-image-generator/includes/generate.php:0
[07-Dec-2022 02:47:16 UTC] PHP Notice:  Trying to access array offset on value of type bool in /Users/ryomaarimura/Local Sites/practicearimuraryomacom/app/public/wp-content/plugins/ogp-image-generator/includes/generate.php on line 34
[07-Dec-2022 02:47:16 UTC] PHP Stack trace:
[07-Dec-2022 02:47:16 UTC] PHP   1. {main}() /Users/ryomaarimura/Local Sites/practicearimuraryomacom/app/public/wp-content/plugins/ogp-image-generator/includes/generate.php:0
[07-Dec-2022 02:47:16 UTC] PHP Notice:  Trying to access array offset on value of type bool in /Users/ryomaarimura/Local Sites/practicearimuraryomacom/app/public/wp-content/plugins/ogp-image-generator/includes/generate.php on line 36
[07-Dec-2022 02:47:16 UTC] PHP Stack trace:
[07-Dec-2022 02:47:16 UTC] PHP   1. {main}() /Users/ryomaarimura/Local Sites/practicearimuraryomacom/app/public/wp-content/plugins/ogp-image-generator/includes/generate.php:0
[07-Dec-2022 02:47:16 UTC] PHP Notice:  Trying to access array offset on value of type bool in /Users/ryomaarimura/Local Sites/practicearimuraryomacom/app/public/wp-content/plugins/ogp-image-generator/includes/generate.php on line 37
[07-Dec-2022 02:47:16 UTC] PHP Stack trace:
[07-Dec-2022 02:47:16 UTC] PHP   1. {main}() /Users/ryomaarimura/Local Sites/practicearimuraryomacom/app/public/wp-content/plugins/ogp-image-generator/includes/generate.php:0
[07-Dec-2022 02:47:16 UTC] PHP Warning:  imagefttext(): Could not read font in /Users/ryomaarimura/Local Sites/practicearimuraryomacom/app/public/wp-content/plugins/ogp-image-generator/includes/generate.php on line 43
[07-Dec-2022 02:47:16 UTC] PHP Stack trace:
[07-Dec-2022 02:47:16 UTC] PHP   1. {main}() /Users/ryomaarimura/Local Sites/practicearimuraryomacom/app/public/wp-content/plugins/ogp-image-generator/includes/generate.php:0
[07-Dec-2022 02:47:16 UTC] PHP   2. imagefttext() /Users/ryomaarimura/Local Sites/practicearimuraryomacom/app/public/wp-content/plugins/ogp-image-generator/includes/generate.php:43
