[03-Dec-2022 05:54:46 UTC] PHP Warning:  imagecolorallocate() expects parameter 1 to be resource, string given in /Users/ryomaarimura/Local Sites/practicearimuraryomacom/app/public/wp-content/plugins/ogp-image-generator/includes/generate.php on line 15
[03-Dec-2022 05:54:46 UTC] PHP Stack trace:
[03-Dec-2022 05:54:46 UTC] PHP   1. {main}() /Users/ryomaarimura/Local Sites/practicearimuraryomacom/app/public/wp-content/plugins/ogp-image-generator/includes/generate.php:0
[03-Dec-2022 05:54:46 UTC] PHP   2. imagecolorallocate() /Users/ryomaarimura/Local Sites/practicearimuraryomacom/app/public/wp-content/plugins/ogp-image-generator/includes/generate.php:15
[03-Dec-2022 05:54:46 UTC] PHP Warning:  imagettfbbox(): Could not find/open font in /Users/ryomaarimura/Local Sites/practicearimuraryomacom/app/public/wp-content/plugins/ogp-image-generator/includes/generate.php on line 22
[03-Dec-2022 05:54:46 UTC] PHP Stack trace:
[03-Dec-2022 05:54:46 UTC] PHP   1. {main}() /Users/ryomaarimura/Local Sites/practicearimuraryomacom/app/public/wp-content/plugins/ogp-image-generator/includes/generate.php:0
[03-Dec-2022 05:54:46 UTC] PHP   2. imagettfbbox() /Users/ryomaarimura/Local Sites/practicearimuraryomacom/app/public/wp-content/plugins/ogp-image-generator/includes/generate.php:22
[03-Dec-2022 05:54:46 UTC] PHP Notice:  Trying to access array offset on value of type bool in /Users/ryomaarimura/Local Sites/practicearimuraryomacom/app/public/wp-content/plugins/ogp-image-generator/includes/generate.php on line 23
[03-Dec-2022 05:54:46 UTC] PHP Stack trace:
[03-Dec-2022 05:54:46 UTC] PHP   1. {main}() /Users/ryomaarimura/Local Sites/practicearimuraryomacom/app/public/wp-content/plugins/ogp-image-generator/includes/generate.php:0
[03-Dec-2022 05:54:46 UTC] PHP Notice:  Trying to access array offset on value of type bool in /Users/ryomaarimura/Local Sites/practicearimuraryomacom/app/public/wp-content/plugins/ogp-image-generator/includes/generate.php on line 24
[03-Dec-2022 05:54:46 UTC] PHP Stack trace:
[03-Dec-2022 05:54:46 UTC] PHP   1. {main}() /Users/ryomaarimura/Local Sites/practicearimuraryomacom/app/public/wp-content/plugins/ogp-image-generator/includes/generate.php:0
[03-Dec-2022 05:54:46 UTC] PHP Notice:  Trying to access array offset on value of type bool in /Users/ryomaarimura/Local Sites/practicearimuraryomacom/app/public/wp-content/plugins/ogp-image-generator/includes/generate.php on line 26
[03-Dec-2022 05:54:46 UTC] PHP Stack trace:
[03-Dec-2022 05:54:46 UTC] PHP   1. {main}() /Users/ryomaarimura/Local Sites/practicearimuraryomacom/app/public/wp-content/plugins/ogp-image-generator/includes/generate.php:0
[03-Dec-2022 05:54:46 UTC] PHP Notice:  Trying to access array offset on value of type bool in /Users/ryomaarimura/Local Sites/practicearimuraryomacom/app/public/wp-content/plugins/ogp-image-generator/includes/generate.php on line 27
[03-Dec-2022 05:54:46 UTC] PHP Stack trace:
[03-Dec-2022 05:54:46 UTC] PHP   1. {main}() /Users/ryomaarimura/Local Sites/practicearimuraryomacom/app/public/wp-content/plugins/ogp-image-generator/includes/generate.php:0
[03-Dec-2022 05:54:46 UTC] PHP Warning:  imagefttext() expects parameter 1 to be resource, string given in /Users/ryomaarimura/Local Sites/practicearimuraryomacom/app/public/wp-content/plugins/ogp-image-generator/includes/generate.php on line 33
[03-Dec-2022 05:54:46 UTC] PHP Stack trace:
[03-Dec-2022 05:54:46 UTC] PHP   1. {main}() /Users/ryomaarimura/Local Sites/practicearimuraryomacom/app/public/wp-content/plugins/ogp-image-generator/includes/generate.php:0
[03-Dec-2022 05:54:46 UTC] PHP   2. imagefttext() /Users/ryomaarimura/Local Sites/practicearimuraryomacom/app/public/wp-content/plugins/ogp-image-generator/includes/generate.php:33
[03-Dec-2022 05:54:46 UTC] PHP Warning:  imagepng() expects parameter 1 to be resource, string given in /Users/ryomaarimura/Local Sites/practicearimuraryomacom/app/public/wp-content/plugins/ogp-image-generator/includes/generate.php on line 36
[03-Dec-2022 05:54:46 UTC] PHP Stack trace:
[03-Dec-2022 05:54:46 UTC] PHP   1. {main}() /Users/ryomaarimura/Local Sites/practicearimuraryomacom/app/public/wp-content/plugins/ogp-image-generator/includes/generate.php:0
[03-Dec-2022 05:54:46 UTC] PHP   2. imagepng() /Users/ryomaarimura/Local Sites/practicearimuraryomacom/app/public/wp-content/plugins/ogp-image-generator/includes/generate.php:36
[03-Dec-2022 05:54:46 UTC] PHP Warning:  imagedestroy() expects parameter 1 to be resource, string given in /Users/ryomaarimura/Local Sites/practicearimuraryomacom/app/public/wp-content/plugins/ogp-image-generator/includes/generate.php on line 37
[03-Dec-2022 05:54:46 UTC] PHP Stack trace:
[03-Dec-2022 05:54:46 UTC] PHP   1. {main}() /Users/ryomaarimura/Local Sites/practicearimuraryomacom/app/public/wp-content/plugins/ogp-image-generator/includes/generate.php:0
[03-Dec-2022 05:54:46 UTC] PHP   2. imagedestroy() /Users/ryomaarimura/Local Sites/practicearimuraryomacom/app/public/wp-content/plugins/ogp-image-generator/includes/generate.php:37
[03-Dec-2022 05:54:47 UTC] PHP Warning:  imagecolorallocate() expects parameter 1 to be resource, string given in /Users/ryomaarimura/Local Sites/practicearimuraryomacom/app/public/wp-content/plugins/ogp-image-generator/includes/generate.php on line 15
[03-Dec-2022 05:54:47 UTC] PHP Stack trace:
[03-Dec-2022 05:54:47 UTC] PHP   1. {main}() /Users/ryomaarimura/Local Sites/practicearimuraryomacom/app/public/wp-content/plugins/ogp-image-generator/includes/generate.php:0
[03-Dec-2022 05:54:47 UTC] PHP   2. imagecolorallocate() /Users/ryomaarimura/Local Sites/practicearimuraryomacom/app/public/wp-content/plugins/ogp-image-generator/includes/generate.php:15
[03-Dec-2022 05:54:47 UTC] PHP Warning:  imagettfbbox(): Could not find/open font in /Users/ryomaarimura/Local Sites/practicearimuraryomacom/app/public/wp-content/plugins/ogp-image-generator/includes/generate.php on line 22
[03-Dec-2022 05:54:47 UTC] PHP Stack trace:
[03-Dec-2022 05:54:47 UTC] PHP   1. {main}() /Users/ryomaarimura/Local Sites/practicearimuraryomacom/app/public/wp-content/plugins/ogp-image-generator/includes/generate.php:0
[03-Dec-2022 05:54:47 UTC] PHP   2. imagettfbbox() /Users/ryomaarimura/Local Sites/practicearimuraryomacom/app/public/wp-content/plugins/ogp-image-generator/includes/generate.php:22
[03-Dec-2022 05:54:47 UTC] PHP Notice:  Trying to access array offset on value of type bool in /Users/ryomaarimura/Local Sites/practicearimuraryomacom/app/public/wp-content/plugins/ogp-image-generator/includes/generate.php on line 23
[03-Dec-2022 05:54:47 UTC] PHP Stack trace:
[03-Dec-2022 05:54:47 UTC] PHP   1. {main}() /Users/ryomaarimura/Local Sites/practicearimuraryomacom/app/public/wp-content/plugins/ogp-image-generator/includes/generate.php:0
[03-Dec-2022 05:54:47 UTC] PHP Notice:  Trying to access array offset on value of type bool in /Users/ryomaarimura/Local Sites/practicearimuraryomacom/app/public/wp-content/plugins/ogp-image-generator/includes/generate.php on line 24
[03-Dec-2022 05:54:47 UTC] PHP Stack trace:
[03-Dec-2022 05:54:47 UTC] PHP   1. {main}() /Users/ryomaarimura/Local Sites/practicearimuraryomacom/app/public/wp-content/plugins/ogp-image-generator/includes/generate.php:0
[03-Dec-2022 05:54:47 UTC] PHP Notice:  Trying to access array offset on value of type bool in /Users/ryomaarimura/Local Sites/practicearimuraryomacom/app/public/wp-content/plugins/ogp-image-generator/includes/generate.php on line 26
[03-Dec-2022 05:54:47 UTC] PHP Stack trace:
[03-Dec-2022 05:54:47 UTC] PHP   1. {main}() /Users/ryomaarimura/Local Sites/practicearimuraryomacom/app/public/wp-content/plugins/ogp-image-generator/includes/generate.php:0
[03-Dec-2022 05:54:47 UTC] PHP Notice:  Trying to access array offset on value of type bool in /Users/ryomaarimura/Local Sites/practicearimuraryomacom/app/public/wp-content/plugins/ogp-image-generator/includes/generate.php on line 27
[03-Dec-2022 05:54:47 UTC] PHP Stack trace:
[03-Dec-2022 05:54:47 UTC] PHP   1. {main}() /Users/ryomaarimura/Local Sites/practicearimuraryomacom/app/public/wp-content/plugins/ogp-image-generator/includes/generate.php:0
[03-Dec-2022 05:54:47 UTC] PHP Warning:  imagefttext() expects parameter 1 to be resource, string given in /Users/ryomaarimura/Local Sites/practicearimuraryomacom/app/public/wp-content/plugins/ogp-image-generator/includes/generate.php on line 33
[03-Dec-2022 05:54:47 UTC] PHP Stack trace:
[03-Dec-2022 05:54:47 UTC] PHP   1. {main}() /Users/ryomaarimura/Local Sites/practicearimuraryomacom/app/public/wp-content/plugins/ogp-image-generator/includes/generate.php:0
[03-Dec-2022 05:54:47 UTC] PHP   2. imagefttext() /Users/ryomaarimura/Local Sites/practicearimuraryomacom/app/public/wp-content/plugins/ogp-image-generator/includes/generate.php:33
[03-Dec-2022 05:54:47 UTC] PHP Warning:  imagepng() expects parameter 1 to be resource, string given in /Users/ryomaarimura/Local Sites/practicearimuraryomacom/app/public/wp-content/plugins/ogp-image-generator/includes/generate.php on line 36
[03-Dec-2022 05:54:47 UTC] PHP Stack trace:
[03-Dec-2022 05:54:47 UTC] PHP   1. {main}() /Users/ryomaarimura/Local Sites/practicearimuraryomacom/app/public/wp-content/plugins/ogp-image-generator/includes/generate.php:0
[03-Dec-2022 05:54:47 UTC] PHP   2. imagepng() /Users/ryomaarimura/Local Sites/practicearimuraryomacom/app/public/wp-content/plugins/ogp-image-generator/includes/generate.php:36
[03-Dec-2022 05:54:47 UTC] PHP Warning:  imagedestroy() expects parameter 1 to be resource, string given in /Users/ryomaarimura/Local Sites/practicearimuraryomacom/app/public/wp-content/plugins/ogp-image-generator/includes/generate.php on line 37
[03-Dec-2022 05:54:47 UTC] PHP Stack trace:
[03-Dec-2022 05:54:47 UTC] PHP   1. {main}() /Users/ryomaarimura/Local Sites/practicearimuraryomacom/app/public/wp-content/plugins/ogp-image-generator/includes/generate.php:0
[03-Dec-2022 05:54:47 UTC] PHP   2. imagedestroy() /Users/ryomaarimura/Local Sites/practicearimuraryomacom/app/public/wp-content/plugins/ogp-image-generator/includes/generate.php:37
[03-Dec-2022 05:57:26 UTC] PHP Warning:  imagecolorallocate() expects parameter 1 to be resource, string given in /Users/ryomaarimura/Local Sites/practicearimuraryomacom/app/public/wp-content/plugins/ogp-image-generator/includes/generate.php on line 15
[03-Dec-2022 05:57:26 UTC] PHP Stack trace:
[03-Dec-2022 05:57:26 UTC] PHP   1. {main}() /Users/ryomaarimura/Local Sites/practicearimuraryomacom/app/public/wp-content/plugins/ogp-image-generator/includes/generate.php:0
[03-Dec-2022 05:57:26 UTC] PHP   2. imagecolorallocate() /Users/ryomaarimura/Local Sites/practicearimuraryomacom/app/public/wp-content/plugins/ogp-image-generator/includes/generate.php:15
[03-Dec-2022 05:57:26 UTC] PHP Warning:  imagettfbbox(): Could not find/open font in /Users/ryomaarimura/Local Sites/practicearimuraryomacom/app/public/wp-content/plugins/ogp-image-generator/includes/generate.php on line 22
[03-Dec-2022 05:57:26 UTC] PHP Stack trace:
[03-Dec-2022 05:57:26 UTC] PHP   1. {main}() /Users/ryomaarimura/Local Sites/practicearimuraryomacom/app/public/wp-content/plugins/ogp-image-generator/includes/generate.php:0
[03-Dec-2022 05:57:26 UTC] PHP   2. imagettfbbox() /Users/ryomaarimura/Local Sites/practicearimuraryomacom/app/public/wp-content/plugins/ogp-image-generator/includes/generate.php:22
[03-Dec-2022 05:57:26 UTC] PHP Notice:  Trying to access array offset on value of type bool in /Users/ryomaarimura/Local Sites/practicearimuraryomacom/app/public/wp-content/plugins/ogp-image-generator/includes/generate.php on line 23
[03-Dec-2022 05:57:26 UTC] PHP Stack trace:
[03-Dec-2022 05:57:26 UTC] PHP   1. {main}() /Users/ryomaarimura/Local Sites/practicearimuraryomacom/app/public/wp-content/plugins/ogp-image-generator/includes/generate.php:0
[03-Dec-2022 05:57:26 UTC] PHP Notice:  Trying to access array offset on value of type bool in /Users/ryomaarimura/Local Sites/practicearimuraryomacom/app/public/wp-content/plugins/ogp-image-generator/includes/generate.php on line 24
[03-Dec-2022 05:57:26 UTC] PHP Stack trace:
[03-Dec-2022 05:57:26 UTC] PHP   1. {main}() /Users/ryomaarimura/Local Sites/practicearimuraryomacom/app/public/wp-content/plugins/ogp-image-generator/includes/generate.php:0
[03-Dec-2022 05:57:26 UTC] PHP Notice:  Trying to access array offset on value of type bool in /Users/ryomaarimura/Local Sites/practicearimuraryomacom/app/public/wp-content/plugins/ogp-image-generator/includes/generate.php on line 26
[03-Dec-2022 05:57:26 UTC] PHP Stack trace:
[03-Dec-2022 05:57:26 UTC] PHP   1. {main}() /Users/ryomaarimura/Local Sites/practicearimuraryomacom/app/public/wp-content/plugins/ogp-image-generator/includes/generate.php:0
[03-Dec-2022 05:57:26 UTC] PHP Notice:  Trying to access array offset on value of type bool in /Users/ryomaarimura/Local Sites/practicearimuraryomacom/app/public/wp-content/plugins/ogp-image-generator/includes/generate.php on line 27
[03-Dec-2022 05:57:26 UTC] PHP Stack trace:
[03-Dec-2022 05:57:26 UTC] PHP   1. {main}() /Users/ryomaarimura/Local Sites/practicearimuraryomacom/app/public/wp-content/plugins/ogp-image-generator/includes/generate.php:0
[03-Dec-2022 05:57:26 UTC] PHP Warning:  imagefttext() expects parameter 1 to be resource, string given in /Users/ryomaarimura/Local Sites/practicearimuraryomacom/app/public/wp-content/plugins/ogp-image-generator/includes/generate.php on line 33
[03-Dec-2022 05:57:26 UTC] PHP Stack trace:
[03-Dec-2022 05:57:26 UTC] PHP   1. {main}() /Users/ryomaarimura/Local Sites/practicearimuraryomacom/app/public/wp-content/plugins/ogp-image-generator/includes/generate.php:0
[03-Dec-2022 05:57:26 UTC] PHP   2. imagefttext() /Users/ryomaarimura/Local Sites/practicearimuraryomacom/app/public/wp-content/plugins/ogp-image-generator/includes/generate.php:33
[03-Dec-2022 05:57:26 UTC] PHP Warning:  imagepng() expects parameter 1 to be resource, string given in /Users/ryomaarimura/Local Sites/practicearimuraryomacom/app/public/wp-content/plugins/ogp-image-generator/includes/generate.php on line 36
[03-Dec-2022 05:57:26 UTC] PHP Stack trace:
[03-Dec-2022 05:57:26 UTC] PHP   1. {main}() /Users/ryomaarimura/Local Sites/practicearimuraryomacom/app/public/wp-content/plugins/ogp-image-generator/includes/generate.php:0
[03-Dec-2022 05:57:26 UTC] PHP   2. imagepng() /Users/ryomaarimura/Local Sites/practicearimuraryomacom/app/public/wp-content/plugins/ogp-image-generator/includes/generate.php:36
[03-Dec-2022 05:57:26 UTC] PHP Warning:  imagedestroy() expects parameter 1 to be resource, string given in /Users/ryomaarimura/Local Sites/practicearimuraryomacom/app/public/wp-content/plugins/ogp-image-generator/includes/generate.php on line 37
[03-Dec-2022 05:57:26 UTC] PHP Stack trace:
[03-Dec-2022 05:57:26 UTC] PHP   1. {main}() /Users/ryomaarimura/Local Sites/practicearimuraryomacom/app/public/wp-content/plugins/ogp-image-generator/includes/generate.php:0
[03-Dec-2022 05:57:26 UTC] PHP   2. imagedestroy() /Users/ryomaarimura/Local Sites/practicearimuraryomacom/app/public/wp-content/plugins/ogp-image-generator/includes/generate.php:37
[03-Dec-2022 05:57:27 UTC] PHP Warning:  imagecolorallocate() expects parameter 1 to be resource, string given in /Users/ryomaarimura/Local Sites/practicearimuraryomacom/app/public/wp-content/plugins/ogp-image-generator/includes/generate.php on line 15
[03-Dec-2022 05:57:27 UTC] PHP Stack trace:
[03-Dec-2022 05:57:27 UTC] PHP   1. {main}() /Users/ryomaarimura/Local Sites/practicearimuraryomacom/app/public/wp-content/plugins/ogp-image-generator/includes/generate.php:0
[03-Dec-2022 05:57:27 UTC] PHP   2. imagecolorallocate() /Users/ryomaarimura/Local Sites/practicearimuraryomacom/app/public/wp-content/plugins/ogp-image-generator/includes/generate.php:15
[03-Dec-2022 05:57:27 UTC] PHP Warning:  imagettfbbox(): Could not find/open font in /Users/ryomaarimura/Local Sites/practicearimuraryomacom/app/public/wp-content/plugins/ogp-image-generator/includes/generate.php on line 22
[03-Dec-2022 05:57:27 UTC] PHP Stack trace:
[03-Dec-2022 05:57:27 UTC] PHP   1. {main}() /Users/ryomaarimura/Local Sites/practicearimuraryomacom/app/public/wp-content/plugins/ogp-image-generator/includes/generate.php:0
[03-Dec-2022 05:57:27 UTC] PHP   2. imagettfbbox() /Users/ryomaarimura/Local Sites/practicearimuraryomacom/app/public/wp-content/plugins/ogp-image-generator/includes/generate.php:22
[03-Dec-2022 05:57:27 UTC] PHP Notice:  Trying to access array offset on value of type bool in /Users/ryomaarimura/Local Sites/practicearimuraryomacom/app/public/wp-content/plugins/ogp-image-generator/includes/generate.php on line 23
[03-Dec-2022 05:57:27 UTC] PHP Stack trace:
[03-Dec-2022 05:57:27 UTC] PHP   1. {main}() /Users/ryomaarimura/Local Sites/practicearimuraryomacom/app/public/wp-content/plugins/ogp-image-generator/includes/generate.php:0
[03-Dec-2022 05:57:27 UTC] PHP Notice:  Trying to access array offset on value of type bool in /Users/ryomaarimura/Local Sites/practicearimuraryomacom/app/public/wp-content/plugins/ogp-image-generator/includes/generate.php on line 24
[03-Dec-2022 05:57:27 UTC] PHP Stack trace:
[03-Dec-2022 05:57:27 UTC] PHP   1. {main}() /Users/ryomaarimura/Local Sites/practicearimuraryomacom/app/public/wp-content/plugins/ogp-image-generator/includes/generate.php:0
[03-Dec-2022 05:57:27 UTC] PHP Notice:  Trying to access array offset on value of type bool in /Users/ryomaarimura/Local Sites/practicearimuraryomacom/app/public/wp-content/plugins/ogp-image-generator/includes/generate.php on line 26
[03-Dec-2022 05:57:27 UTC] PHP Stack trace:
[03-Dec-2022 05:57:27 UTC] PHP   1. {main}() /Users/ryomaarimura/Local Sites/practicearimuraryomacom/app/public/wp-content/plugins/ogp-image-generator/includes/generate.php:0
[03-Dec-2022 05:57:27 UTC] PHP Notice:  Trying to access array offset on value of type bool in /Users/ryomaarimura/Local Sites/practicearimuraryomacom/app/public/wp-content/plugins/ogp-image-generator/includes/generate.php on line 27
[03-Dec-2022 05:57:27 UTC] PHP Stack trace:
[03-Dec-2022 05:57:27 UTC] PHP   1. {main}() /Users/ryomaarimura/Local Sites/practicearimuraryomacom/app/public/wp-content/plugins/ogp-image-generator/includes/generate.php:0
[03-Dec-2022 05:57:27 UTC] PHP Warning:  imagefttext() expects parameter 1 to be resource, string given in /Users/ryomaarimura/Local Sites/practicearimuraryomacom/app/public/wp-content/plugins/ogp-image-generator/includes/generate.php on line 33
[03-Dec-2022 05:57:27 UTC] PHP Stack trace:
[03-Dec-2022 05:57:27 UTC] PHP   1. {main}() /Users/ryomaarimura/Local Sites/practicearimuraryomacom/app/public/wp-content/plugins/ogp-image-generator/includes/generate.php:0
[03-Dec-2022 05:57:27 UTC] PHP   2. imagefttext() /Users/ryomaarimura/Local Sites/practicearimuraryomacom/app/public/wp-content/plugins/ogp-image-generator/includes/generate.php:33
[03-Dec-2022 05:57:27 UTC] PHP Warning:  imagepng() expects parameter 1 to be resource, string given in /Users/ryomaarimura/Local Sites/practicearimuraryomacom/app/public/wp-content/plugins/ogp-image-generator/includes/generate.php on line 36
[03-Dec-2022 05:57:27 UTC] PHP Stack trace:
[03-Dec-2022 05:57:27 UTC] PHP   1. {main}() /Users/ryomaarimura/Local Sites/practicearimuraryomacom/app/public/wp-content/plugins/ogp-image-generator/includes/generate.php:0
[03-Dec-2022 05:57:27 UTC] PHP   2. imagepng() /Users/ryomaarimura/Local Sites/practicearimuraryomacom/app/public/wp-content/plugins/ogp-image-generator/includes/generate.php:36
[03-Dec-2022 05:57:27 UTC] PHP Warning:  imagedestroy() expects parameter 1 to be resource, string given in /Users/ryomaarimura/Local Sites/practicearimuraryomacom/app/public/wp-content/plugins/ogp-image-generator/includes/generate.php on line 37
[03-Dec-2022 05:57:27 UTC] PHP Stack trace:
[03-Dec-2022 05:57:27 UTC] PHP   1. {main}() /Users/ryomaarimura/Local Sites/practicearimuraryomacom/app/public/wp-content/plugins/ogp-image-generator/includes/generate.php:0
[03-Dec-2022 05:57:27 UTC] PHP   2. imagedestroy() /Users/ryomaarimura/Local Sites/practicearimuraryomacom/app/public/wp-content/plugins/ogp-image-generator/includes/generate.php:37
